23 7
26 7
29 22
25 11
23 7
26 3
28 9
26 9
26 4
27 11
24 11
23 10
26 4
24 9
28 11
28 25
24 4
25 4
23 5
26 9
24 6
27 10
24 6
29 13
25 6
25 4
26 10
26 7
22 5
24 9
28 10
26 6
24 9
27 5
27 6
22 6
25 8
21 8
28 6
27 5
22 2
26 9
25 7
27 6
26 13
23 7
25 7
26 9
23 5
24 3
26 6
24 7
26 6
27 11
24 10
24 6
28 8
23 6
27 12
25 6
26 7
24 10
25 9
26 5
19 7
26 12
26 6
28 5
27 5
25 15
26 4
26 9
26 17
24 8
25 13
25 16
26 5
25 3
26 7
26 11
28 9
22 4
26 7
25 5
22 11
28 10
24 9
28 15
28 10
26 7
24 11
26 9
27 10
26 9
24 11
26 6
26 11
25 6
29 9
25 5
27 12
25 8
25 6
24 8
25 7
25 6
24 4
25 13
26 3
28 22
27 15
27 15
24 3
24 7
24 7
26 6
26 18
28 5
28 14
28 11
25 5
24 5
28 14
25 6
28 20
28 28
28 16
26 8
24 6
24 8
26 8
26 7
29 11
20 6
24 5
23 6
26 3
21 6
25 5
26 9
26 8
28 6
26 7
24 3
27 8
26 7
26 10
26 6
26 7
25 6
26 8
28 6
26 5
27 7
27 20
26 3
27 8
24 8
26 6
25 6
23 7
26 5
25 11
26 6
26 12
26 4
26 7
25 7
24 3
25 4
23 8
25 9
22 5
24 5
25 4
28 14
28 12
28 4
23 7
23 5
26 8
26 14
24 4
23 5
28 11
25 5
22 5
27 11
27 10
24 5
24 4
24 7
26 9
28 11
27 5
26 9
20 10
27 13
24 8
26 8
23 5
25 12
28 5
27 6
26 7
26 8
27 5
24 4
28 18
23 6
24 8
26 5
25 5
24 4
25 6
25 5
28 8
26 6
26 7
25 5
27 12
23 6
26 8
24 10
25 6
25 7
23 10
24 10
27 6
28 6
25 5
28 9
27 7
26 8
25 9
25 5
23 6
28 19
25 6
25 9
22 4
23 12
28 11
22 7
26 7
23 5
27 8
26 7
28 10
26 15
25 13
24 10
24 7
27 7
26 6
22 4
21 7
24 9
21 6
24 3
29 21
26 18
27 23
28 13
28 11
26 18
27 9
22 6
27 5
27 8
25 9
29 17
24 4
24 3
27 9
26 9
28 14
27 18
21 6
25 7
28 5
29 28
23 6
23 12
25 8
26 5
24 7
29 10
26 13
24 8
29 5
26 11
26 10
25 6
25 5
26 8
27 8
27 8
24 4
25 7
23 8
25 5
26 5
27 10
26 8
26 12
26 9
22 4
27 23
27 6
22 5
24 11
24 5
24 5
26 8
27 7
26 6
29 13
26 10
27 13
25 8
25 8
27 9
24 5
28 12
28 17
25 9
25 10
27 9
26 5
26 4
26 14
25 8
24 7
28 7
24 10
25 8
21 7
26 8
26 9
25 8
27 14
27 14
26 10
22 7
22 5
24 8
26 12
27 7
28 8
25 8
23 13
28 6
27 15
24 5
29 37
28 7
23 5
26 4
28 8
25 7
28 10
22 6
26 9
27 22
27 11
26 13
27 9
27 8
26 13
26 8
22 5
25 16
23 7
26 8
25 7
25 5
27 9
26 13
26 17
25 4
25 6
25 14
25 8
26 11
26 8
26 17
26 4
27 12
22 7
24 4
23 10
26 8
27 16
26 8
24 3
26 4
24 9
26 6
29 7
16 5
24 7
26 4
27 13
22 6
26 6
25 9
22 4
24 11
29 13
26 9
23 9
26 11
27 19
22 6
26 13
25 6
23 6
29 18
24 8
21 6
25 9
25 8
26 10
22 6
28 31
22 5
24 9
26 5
22 5
28 4
25 9
28 4
22 6
21 8
28 6
24 7
27 12
28 19
26 8
23 6
25 6
27 5
25 9
27 9
28 13
27 10
24 5
20 4
25 5
22 9
27 5
26 10
27 12
23 6
27 19
24 6
24 6
28 6
23 6
27 24
27 13
27 9
27 7
22 5
24 7
27 10
25 6
26 6
28 24
30 32
23 6
24 5
28 7
27 4
24 11
26 9
26 11
23 7
22 7
28 10
26 10
28 9
24 7
25 6
25 5
25 5
27 4
22 7
24 6
22 5
26 5
27 11
26 12
29 16
24 7
25 11
24 5
28 12
25 6
27 8
22 5
25 4
26 11
27 10
27 13
24 6
28 6
23 9
29 20
22 6
24 4
28 7
27 15
27 5
23 7
29 26
27 8
24 7
24 7
28 10
26 6
28 15
24 5
25 14
23 7
21 7
26 5
26 7
26 12
26 5
25 7
28 8
24 6
24 11
23 5
24 4
26 5
26 12
29 11
25 8
23 6
25 7
21 5
27 9
24 12
26 9
24 5
22 5
24 8
26 5
27 10
26 6
24 7
24 4
26 9
22 5
23 6
27 5
27 11
23 6
27 9
24 8
28 10
25 5
24 11
27 11
26 9
21 7
29 10
25 6
24 5
27 13
28 8
27 25
27 13
23 8
25 7
26 6
28 15
26 6
27 8
26 6
26 5
26 6
25 12
23 4
24 6
25 9
28 13
25 5
27 7
26 8
25 6
28 14
26 6
25 12
29 14
29 18
28 7
24 12
30 33
24 10
27 15
24 6
27 10
22 6
23 9
25 4
23 5
25 5
25 9
27 5
26 5
27 15
25 6
26 7
26 8
23 6
22 6
23 6
27 10
26 12
25 5
24 11
24 6
24 6
23 7
25 7
22 5
26 6
26 5
22 6
17 6
26 6
26 6
26 8
26 2
28 7
26 10
24 4
23 6
25 5
26 5
27 12
27 5
28 5
23 3
23 6
23 8
22 5
29 34
25 8
27 6
24 5
22 6
26 6
28 6
25 5
27 5
26 5
25 7
23 8
25 11
28 5
26 5
22 5
24 10
27 21
22 6
26 10
26 7
24 6
27 15
23 7
27 5
23 7
27 3
25 11
26 6
28 25
28 3
26 7
26 6
28 15
30 13
22 7
25 6
26 9
27 4
26 17
28 17
24 9
24 11
24 5
24 6
26 11
26 3
24 9
29 17
24 7
26 9
28 16
25 18
26 9
27 19
24 5
21 7
24 7
24 5
26 7
26 13
27 10
26 8
25 5
21 10
23 6
25 11
28 21
26 9
26 14
25 6
27 16
30 26
27 9
23 7
26 7
27 8
26 12
24 4
27 9
26 14
27 9
25 5
25 8
26 13
26 6
28 5
25 11
21 6
26 8
25 13
28 9
25 5
23 8
22 7
29 29
24 5
26 6
23 7
27 7
26 13
25 5
25 5
29 6
26 11
26 13
27 5
27 7
23 7
26 5
26 9
28 21
22 4
24 7
25 18
24 6
26 5
26 7
29 14
23 7
26 8
26 7
26 7
27 10
27 13
28 14
25 8
27 13
26 5
21 5
23 6
24 7
28 13
22 6
24 5
25 9
26 8
25 8
29 19
20 8
29 20
25 10
26 5
26 6
27 9
24 6
25 5
24 6
24 6
25 7
26 6
26 9
28 9
28 10
21 7
26 8
19 6
25 7
22 7
27 6
24 4
27 14
22 6
28 19
24 5
21 5
25 12
23 4
26 8
22 5
24 8
21 10
23 6
25 6
28 5
26 7
28 6
29 23
26 18
22 3
23 6
24 5
29 22
29 11
26 10
23 5
23 5
26 7
24 5
26 10
30 16
21 4
28 7
23 5
27 5
24 6
25 8
26 6
22 7
25 10
27 9
28 6
28 11
27 5
26 5
22 7
17 5
26 7
22 9
21 7
25 7
25 9
22 5
26 7
23 7
22 5
28 6
28 12
28 8
25 4
25 9
27 7
25 5
25 6
22 5
27 6
27 7
27 12
23 7
25 9
25 9
28 13
27 11
24 11
25 9
26 12
25 6
23 8
23 7
25 4
25 7
25 5
28 9
28 7
25 5
27 8
21 7
28 10
27 5
25 6
27 21
22 6
23 10
29 15
26 14
25 5
29 15
22 4
28 4
28 4
21 5
26 12
27 12
22 9
25 9
26 6
26 7
24 7
25 3
27 13
24 7
26 8
23 8
26 7
27 10
25 4
26 5
22 5
28 12
24 7
25 9
22 7
26 5
26 4
27 16
22 14
24 12
26 7
26 9
22 5
25 11
26 6
23 4
24 5
27 8
25 3
25 9
24 7
25 7
22 4
23 5
27 11
27 10
22 6
26 11
23 10
26 9
27 11
26 7
26 6
27 7
19 5
23 10
25 6
26 9
25 5
25 5
23 5
24 5
22 8
26 6
26 10
26 6
26 5
24 8
22 7
27 13
25 9
22 8
26 7
27 5
27 7
28 5
25 6
27 16
27 5
25 6
28 16
26 14
27 9
25 14
25 7
24 9
28 6
22 7
26 10
25 9
24 14
26 9
28 8
27 11
20 3
27 4
23 8
26 10
25 11
26 8
27 7
25 6
25 8
25 13
25 6
25 7
25 12
24 8
25 7
26 6
26 8
26 4
26 11
26 13
28 10
26 6
24 7
26 10
27 7
26 6
27 7
24 11
24 5
26 7
25 10
22 4
29 13
25 11
25 7
25 9
28 10
21 7
22 6
22 6
27 17
24 5
25 8
21 6
23 9
25 5
24 4
26 12
26 9
23 5
26 8
30 7
23 4
27 17
26 6
25 6
23 5
24 7
25 9
28 14
22 9
24 8
25 10
21 5
23 8
28 6
22 5
26 7
30 33
24 6
29 22
29 20
26 4
26 6
24 8
26 7
27 7
28 14
29 33
22 6
27 6
22 3
27 7
26 8
30 14
25 9
25 10
26 7
27 16
27 9
29 5
27 6
23 11
27 7
25 5
24 7
26 15
29 12
25 6
29 12
27 12
27 5
30 17
26 5
22 6
23 7
26 8
23 7
26 8
28 6
26 5
24 4
26 10
26 8
27 8
25 8
25 9
28 9
27 13
22 6
26 10
25 8
23 5
25 9
27 17
25 6
25 7
23 6
28 8
25 3
25 8
25 6
26 11
28 11
22 4
25 4
27 6
27 5
24 5
26 9
26 13
27 6
25 10
27 15
25 7
26 5
30 30
24 10
25 4
25 7
26 8
26 7
24 8
22 5
23 5
24 6
24 9
24 5
29 16
21 5
23 6
24 4
25 7
23 5
25 11
27 15
27 13
24 9
28 10
25 5
26 9
24 6
26 7
23 7
27 11
23 8
22 4
28 12
28 15
18 5
28 16
28 15
26 12
28 11
26 7
28 10
26 6
29 10
28 6
22 4
25 8
26 6
25 6
25 6
25 7
25 6
25 7
25 8
26 7
28 9
24 5
27 5
26 6
27 17
27 8
23 6
27 7
24 4
23 5
26 13
28 7
26 9
27 27
26 11
24 7
24 4
27 27
21 11
21 3
29 28
24 5
25 11
27 10
26 5
26 7
28 19
28 11
26 7
30 20
28 26
23 7
26 12
25 14
29 7
22 3
27 10
27 24
28 18
28 10
23 10
25 10
24 5
25 10
26 8
25 6
21 4
26 5
29 25
24 3
24 6
24 7
21 9
28 8
26 8
26 9
28 6
26 7
27 5
26 6
26 7
27 5
27 5
27 8
26 9
26 14
27 5
24 4
26 7
27 12
28 9
25 9
27 14
25 11
20 6
26 7
26 6
23 5
27 14
29 5
22 7
26 17
28 4
27 11
25 5
23 3
26 4
27 22
27 15
26 8
28 5
24 5
24 5
23 8
22 6
24 13
25 5
26 9
29 28
23 12
21 6
24 8
25 7
26 9
23 12
27 6
25 7
24 4
28 19
28 13
25 6
26 12
22 6
22 6
27 8
27 9
19 4
28 17
27 8
28 9
28 15
27 5
23 7
22 5
26 7
24 8
27 4
22 5
25 8
26 6
24 10
28 7
26 6
28 9
23 7
26 8
27 9
26 7
25 5
24 4
25 8
25 7
25 4
25 6
23 6
25 9
25 12
26 8
26 6
27 8
28 16
23 7
27 8
27 10
28 29
27 14
27 13
24 4
26 6
26 9
27 17
27 6
24 6
26 11
29 4
25 7
25 7
26 9
26 11
27 10
26 9
28 15
25 6
24 4
27 6
26 12
22 16
27 15
28 15
25 4
18 4
26 9
26 6
26 5
24 7
24 4
26 9
27 9
23 9
24 6
27 8
26 7
23 6
21 9
25 7
27 15
25 11
28 20
26 7
28 8
26 12
27 10
21 7
26 9
25 11
27 13
23 9
23 5
25 6
28 11
26 4
27 11
27 26
24 8
25 6
25 4
23 5
26 13
20 5
26 6
28 9
28 7
20 7
30 12
26 6
24 12
27 12
26 19
26 8
27 9
24 8
28 5
28 4
25 6
25 6
27 12
23 9
25 8
25 6
26 7
26 4
24 6
20 7
23 5
25 8
24 8
27 6
26 5
26 5
30 64
26 9
27 12
26 6
27 15
27 9
26 7
26 7
27 13
22 7
22 10
26 8
26 7
27 7
28 8
24 12
24 7
23 6
23 8
27 6
28 8
25 15
27 11
27 5
28 12
28 7
28 6
27 10
23 6
28 11
22 8
27 13
28 4
24 8
22 14
23 10
27 7
28 7
26 7
27 9
24 10
26 10
25 12
27 8
25 10
25 13
24 12
25 7
22 5
27 12
25 8
24 4
26 12
25 5
26 10
27 7
25 10
22 5
24 5
28 6
25 6
22 7
27 15
24 9
24 7
27 8
24 6
28 10
25 9
23 7
29 25
26 22
27 9
24 6
27 10
26 7
23 9
26 16
28 8
29 11
24 5
27 6
25 9
24 5
27 7
25 8
26 6
27 20
27 7
26 6
27 6
22 6
23 7
24 7
24 6
23 5
25 6
26 8
28 10
22 9
28 15
23 6
24 6
26 9
28 6
28 6
25 8
26 6
20 4
26 9
29 15
28 9
24 4
26 9
29 8
25 10
28 16
26 6
24 5
26 8
27 5
22 6
27 6
26 8
24 6
23 4
26 3
26 7
24 5
26 11
28 14
26 3
24 6
25 13
27 7
22 6
23 11
24 5
27 7
27 13
21 5
23 6
24 9
26 9
26 8
25 6
25 12
30 24
26 6
24 5
24 9
26 4
24 6
24 8
28 18
26 9
24 8
23 7
26 6
22 4
25 8
22 14
23 6
28 30
24 6
25 5
26 8
26 7
24 5
25 6
24 10
20 4
26 5
29 13
26 6
26 9
26 4
24 8
29 9
25 8
25 6
25 12
24 7
28 12
27 14
24 7
28 8
24 6
28 9
28 7
25 14
26 13
27 12
25 4
28 5
29 16
28 12
27 12
27 11
23 7
27 5
25 5
28 4
25 6
24 3
27 7
25 6
27 6
26 11
24 6
26 6
26 6
27 15
27 12
28 25
24 4
28 12
27 4
25 11
21 7
23 7
26 4
21 6
30 14
27 6
26 4
26 6
24 11
25 9
25 8
24 10
28 6
28 21
24 3
25 5
25 8
26 6
28 15
26 8
26 5
24 6
27 7
26 6
27 14
18 6
24 4
24 7
27 20
23 7
26 3
26 6
27 7
24 12
22 6
28 5
26 6
28 9
25 9
25 16
26 11
27 7
25 13
22 5
26 7
23 13
22 6
23 8
22 4
23 6
26 19
26 5
27 16
26 12
25 12
26 8
24 8
29 16
23 8
28 5
23 7
29 12
18 5
27 14
27 9
25 12
25 5
26 8
23 6
27 10
27 5
23 12
27 17
24 8
26 6
25 6
25 8
27 9
27 11
24 4
26 6
20 5
29 12
29 9
27 4
23 6
23 6
20 4
26 13
28 25
26 7
27 11
26 6
26 15
24 5
26 4
25 6
25 5
25 5
26 7
25 6
22 7
26 6
26 5
28 5
28 5
26 8
28 11
27 8
26 6
26 5
23 5
28 3
28 20
25 10
27 6
26 5
26 8
28 6
26 6
26 10
25 5
25 4
28 17
25 10
25 7
26 15
26 5
26 11
28 9
23 5
28 6
22 5
27 11
24 8
20 5
28 20
27 9
28 16
24 6
26 6
24 6
25 9
22 5
24 6
27 5
28 6
25 9
26 4
24 11
28 8
20 4
27 16
28 7
27 6
23 5
26 5
26 6
23 5
21 5
27 11
24 8
26 9
24 10
28 11
27 4
24 5
28 6
24 5
24 7
28 12
28 12
28 6
25 7
26 5
26 12
28 10
26 16
26 4
28 7
27 7
27 5
24 5
26 11
27 10
28 8
25 6
24 4
29 20
26 8
24 7
25 7
23 9
27 8
24 6
28 6
25 7
21 5
23 5
26 22
29 11
26 7
25 7
23 8
28 9
28 14
23 8
25 8
26 6
27 5
27 9
24 7
26 6
26 7
24 14
24 5
24 6
25 8
25 6
28 10
25 5
25 6
25 8
26 7
26 7
23 7
26 9
26 14
26 17
25 9
28 5
26 14
23 5
26 4
29 7
26 6
28 13
27 7
23 5
28 12
21 6
26 5
26 8
27 5
28 11
24 5
23 7
24 4
27 6
25 7
24 12
28 11
28 8
22 9
28 15
25 9
26 8
26 9
24 7
26 8
26 8
25 7
25 8
27 13
22 4
28 7
27 4
22 7
26 10
28 7
26 3
26 7
24 5
24 4
25 6
25 11
26 4
24 8
28 6
27 10
25 7
24 6
27 9
27 10
22 5
26 5
27 9
27 6
28 6
28 6
26 7
26 7
25 4
26 12
26 7
26 5
25 8
24 12
26 9
22 6
26 8
28 9
26 6
24 6
27 11
26 10
25 7
27 23
24 6
28 8
23 5
28 9
27 10
24 5
25 9
25 5
24 6
26 5
23 6
28 16
27 7
26 5
26 5
25 5
25 6
25 7
25 8
26 9
24 7
24 6
26 10
22 3
26 6
23 9
24 4
27 5
27 15
27 12
25 7
28 16
26 7
25 9
28 14
23 5
27 10
21 5
26 5
27 10
26 6
25 14
26 12
24 7
25 4
24 10
25 8
26 2
26 6
21 4
26 11
28 17
24 6
26 12
23 5
24 6
23 6
27 11
23 6
27 7
27 12
26 6
26 15
25 13
26 4
27 13
24 7
25 6
24 7
27 8
28 5
26 5
24 4
26 6
25 7
25 6
24 8
25 11
27 8
26 7
28 4
25 8
26 3
24 8
27 11
26 8
24 4
24 7
26 6
25 14
24 5
24 4
25 6
28 10
25 6
27 12
23 3
28 16
26 5
23 6
27 9
24 12
24 5
24 5
28 7
29 17
24 4
25 6
24 8
29 10
25 8
28 14
24 6
27 10
29 7
27 8
25 6
27 7
27 9
26 7
24 8
24 6
25 11
22 5
25 8
26 7
28 7
26 9
28 11
24 4
24 6
27 6
27 7
28 20
25 15
26 12
24 7
25 7
23 6
27 9
22 5
30 14
26 9
24 6
26 5
20 4
24 6
28 7
22 7
26 9
26 9
27 15
27 6
28 15
26 8
23 6
26 8
27 8
25 8
26 6
22 6
25 5
27 5
23 10
22 8
28 8
28 6
24 5
26 5
26 6
24 12
28 14
24 10
26 5
26 10
27 8
22 6
24 4
26 4
28 7
26 6
24 5
22 5
28 10
28 12
25 6
28 6
26 6
24 4
27 12
26 4
24 5
26 11
22 5
25 9
25 9
26 9
24 8
23 6
28 16
25 6
27 12
24 8
28 7
23 12
27 5
27 7
27 12
26 5
28 6
25 8
26 7
24 7
29 11
27 7
25 9
30 22
27 9
25 5
26 8
26 7
26 7
25 6
21 9
25 6
26 11
25 11
26 9
26 11
28 10
28 15
23 7
27 14
25 6
25 6
28 21
26 10
27 16
23 6
27 6
23 10
28 8
24 8
24 6
23 11
24 7
24 10
25 5
25 7
29 23
27 16
26 12
28 7
24 6
25 7
26 13
27 15
27 15
26 6
28 14
24 7
29 10
26 8
26 5
23 5
28 5
25 10
26 9
27 15
24 8
26 5
27 7
24 6
25 6
27 8
21 5
24 8
24 5
27 11
27 9
26 12
28 17
25 10
23 8
23 7
27 9
27 8
25 6
25 6
25 6
25 6
25 7
27 15
26 7
26 7
22 6
28 15
27 11
26 3
27 7
26 14
26 10
28 8
28 9
27 8
28 5
27 12
28 10
28 18
24 8
26 14
27 5
28 11
25 7
25 7
23 8
29 9
28 8
26 11
28 21
28 19
28 14
25 3
20 6
28 14
28 9
24 7
27 13
26 7
25 9
24 7
18 5
26 15
24 11
20 4
26 8
24 7
28 10
24 5
24 6
27 13
26 22
25 12
26 5
26 6
24 5
26 8
22 5
27 7
24 7
27 10
24 9
25 6
26 6
23 10
26 7
23 5
28 16
26 3
27 11
22 11
27 8
24 5
27 8
30 20
26 11
27 6
23 6
24 6
25 7
23 9
26 6
28 19
26 6
26 9
24 5
26 6
23 5
26 12
26 5
24 5
25 5
26 6
21 6
24 6
24 4
23 7
29 17
25 6
30 19
26 12
25 5
27 7
26 4
22 6
23 6
23 5
24 5
28 8
25 6
28 10
29 15
23 6
26 9
23 6
28 11
25 12
26 9
25 8
23 4
24 9
22 7
27 8
27 9
23 5
22 5
27 11
27 16
28 7
23 6
25 4
28 17
27 8
24 5
23 8
27 11
27 18
28 15
24 5
24 7
28 26
24 5
28 15
26 7
29 27
28 11
26 12
23 6
27 7
29 10
28 20
26 5
24 11
24 5
30 16
24 7
26 3
26 6
25 14
25 10
27 10
21 5
22 5
27 8
23 6
25 6
25 6
30 56
26 7
24 8
23 8
26 7
26 7
24 7
26 5
25 13
25 5
25 8
24 7
23 8
21 6
25 13
27 21
28 14
18 5
26 7
24 6
27 16
27 6
24 11
26 5
18 6
27 9
25 6
27 7
26 8
22 7
24 8
28 12
23 7
28 7
23 4
25 5
25 8
22 5
26 11
24 8
27 10
26 9
26 11
25 7
25 14
27 10
26 7
25 6
27 9
27 6
26 7
28 8
25 11
24 7
28 6
26 5
22 5
24 4
30 18
25 9
25 12
30 12
26 8
22 6
26 8
30 6
24 5
18 6
23 6
27 6
23 8
26 12
24 6
23 6
22 5
23 6
27 10
26 9
26 5
21 5
27 18
23 5
26 5
25 6
28 18
22 4
26 10
24 7
23 7
24 5
26 8
22 5
24 5
19 5
23 6
25 7
20 8
27 13
27 15
28 14
27 14
27 15
24 7
26 15
25 5
22 6
27 9
27 6
28 19
25 8
22 8
24 6
22 8
21 7
22 6
28 14
25 10
25 6
26 6
27 7
26 12
23 8
25 7
26 13
26 5
27 6
24 6
26 8
27 20
26 7
23 8
27 6
22 5
26 7
29 7
24 7
26 5
24 7
27 10
30 12
22 6
28 13
26 4
26 14
22 5
21 7
26 8
22 4
23 7
27 17
23 9
24 8
26 7
25 9
27 12
27 16
26 15
24 7
26 16
25 8
29 18
25 9
27 6
26 9
25 9
26 7
26 14
26 8
30 8
27 13
27 7
28 19
25 7
22 8
28 11
28 10
26 8
27 12
28 14
26 12
25 6
25 5
27 11
27 12
28 13
28 15
22 4
26 10
26 6
26 5
28 13
27 6
26 13
26 8
25 6
22 4
25 5
28 9
29 8
20 6
23 5
28 15
21 5
23 5
21 5
27 10
26 6
26 6
26 10
23 4
28 11
27 12
27 11
27 8
26 8
24 8
26 10
27 13
24 5
26 6
27 14
28 11
27 14
28 9
26 7
26 5
24 7
24 6
24 7
27 5
28 17
24 6
29 7
27 12
25 7
24 7
24 6
27 12
27 10
23 4
25 6
23 5
24 7
29 28
28 8
23 8
24 8
22 6
26 7
28 8
23 5
28 10
24 6
27 6
27 6
18 5
28 7
26 5
23 7
24 4
23 9
25 7
27 10
26 8
29 6
22 5
26 7
26 14
23 11
26 5
27 12
27 12
24 10
25 7
26 6
21 5
25 7
28 6
24 3
24 11
28 5
25 10
26 6
24 5
28 15
24 6
28 13
28 7
27 10
26 6
27 5
26 7
30 20
26 10
25 12
21 4
24 7
25 5
26 7
25 5
26 4
23 6
28 6
25 5
28 4
25 6
22 7
28 9
20 6
25 17
25 4
28 10
25 5
21 6
24 9
26 12
24 10
20 7
27 10
27 17
25 11
24 8
22 7
25 5
24 6
27 11
28 6
28 14
28 16
24 6
27 10
27 6
23 12
20 5
29 19
27 10
25 11
25 8
27 16
22 5
24 5
26 5
24 7
22 6
25 8
25 12
25 5
29 6
26 8
25 6
26 5
25 7
22 10
25 6
25 7
26 15
23 8
24 5
28 9
24 9
24 7
27 12
25 7
28 8
25 7
26 15
22 9
28 12
22 5
29 9
24 5
25 6
26 7
24 5
26 6
26 12
26 8
24 4
27 12
29 5
23 7
26 6
24 7
26 6
24 8
29 17
26 6
28 5
26 12
25 6
23 6
20 4
20 6
26 3
26 11
24 6
26 9
22 6
25 6
20 6
22 3
22 8
24 8
28 11
20 8
28 16
24 5
25 6
25 7
26 6
28 7
23 6
27 10
28 9
29 6
21 9
25 11
24 5
16 5
23 7
26 14
26 7
27 15
23 5
24 6
25 8
27 7
24 4
27 10
24 6
26 6
20 5
28 8
25 7
26 8
28 12
27 5
26 8
28 10
26 8
26 11
28 7
25 14
22 6
25 4
28 13
28 16
23 9
28 14
26 4
24 6
25 5
27 15
24 5
25 6
26 5
24 5
26 8
25 7
26 12
26 6
26 11
26 7
25 4
21 5
27 13
20 5
21 5
24 5
23 8
26 5
30 16
28 12
27 25
22 8
23 11
25 7
26 14
26 11
23 8
25 6
26 9
23 7
25 7
24 9
22 6
26 11
26 7
27 12
24 8
23 8
25 5
28 13
25 13
25 17
27 11
24 7
26 6
28 11
24 6
27 7
24 13
27 8
26 9
26 7
30 17
26 9
27 16
25 5
24 6
27 8
28 15
21 5
22 3
22 6
27 8
25 8
26 10
27 9
29 6
24 7
28 16
26 12
27 10
26 8
26 12
27 6
27 9
27 12
26 8
25 5
24 6
29 32
28 17
26 5
25 17
27 5
25 6
25 5
28 16
28 10
23 5
26 10
23 6
27 9
27 10
30 22
23 5
26 14
27 10
22 8
26 5
22 7
26 6
22 5
26 8
27 5
23 6
28 12
22 7
27 6
24 9
24 5
25 9
26 7
25 10
20 6
21 6
23 6
28 14
24 6
28 8
24 13
26 5
24 11
25 5
22 5
25 10
26 5
21 8
22 5
24 7
24 6
28 14
28 13
27 13
24 6
24 5
24 6
24 14
27 6
28 13
29 22
25 6
27 4
25 4
24 8
26 8
22 7
26 12
28 17
25 6
25 7
25 7
26 7
26 13
28 13
25 7
26 5
24 4
25 8
27 12
27 6
27 13
24 5
29 11
26 7
29 4
28 18
26 5
26 6
23 7
28 6
27 6
26 6
27 6
26 7
28 10
27 4
27 9
26 5
25 5
27 5
26 5
28 6
26 6
26 8
27 8
24 8
23 9
26 7
23 5
26 5
25 6
24 13
27 7
24 6
24 10
24 5
25 8
26 6
27 6
27 22
24 5
25 13
24 6
25 12
28 7
23 7
25 9
23 6
25 7
25 7
19 6
28 11
24 3
25 8
25 13
24 7
28 19
28 7
28 10
26 4
25 8
26 9
22 5
26 3
24 5
28 7
27 7
22 9
25 6
25 4
22 6
30 28
27 9
22 8
27 7
20 5
26 5
24 7
24 8
28 16
24 7
25 15
25 7
24 9
26 5
28 16
26 12
25 10
23 6
26 11
26 11
25 7
22 5
25 9
26 14
24 8
24 6
24 5
24 10
26 4
25 7
27 8
26 10
24 4
22 6
27 6
22 6
23 7
24 10
24 10
26 4
23 26
27 15
27 11
24 5
24 12
26 10
25 4
26 9
26 9
26 12
27 10
27 7
26 4
26 15
27 8
22 4
26 9
26 11
28 5
28 25
26 8
23 8
27 8
28 10
22 7
24 4
24 5
23 11
24 6
28 21
24 7
30 10
26 6
25 7
26 10
25 7
26 5
23 11
20 4
23 6
24 6
22 5
25 13
26 8
21 8
26 13
22 4
28 9
23 6
29 13
28 6
28 11
27 10
28 25
26 7
26 4
24 7
25 5
28 18
25 6
26 10
24 4
25 6
26 7
26 8
28 14
25 8
30 32
21 5
23 9
26 4
23 6
27 13
26 9
26 7
25 10
28 18
28 19
25 5
27 5
24 9
26 5
24 8
27 18
26 9
27 11
24 7
22 6
25 5
28 7
26 6
25 8
23 8
28 6
28 11
23 9
26 7
24 5
16 5
26 3
27 9
23 7
27 9
22 5
26 5
26 15
28 12
22 9
24 7
27 10
25 15
23 5
27 9
25 7
26 9
24 8
24 7
23 11
30 32
24 4
27 10
26 6
21 6
26 7
26 8
24 6
25 10
25 7
27 6
24 4
23 4
25 9
26 9
27 9
27 17
22 6
28 36
24 13
25 19
26 5
27 6
23 5
28 8
28 11
24 8
21 5
25 9
26 6
25 7
24 8
26 7
22 8
27 8
24 4
28 5
27 10
25 6
28 10
29 23
24 7
26 6
27 3
27 3
28 23
24 11
26 9
26 7
23 11
24 10
26 7
26 12
21 7
24 4
24 8
26 6
27 16
25 11
25 6
22 7
29 9
28 7
26 12
25 10
26 14
24 6
26 8
26 14
26 8
24 5
20 8
23 4
29 9
27 6
28 12
23 10
20 6
25 5
26 7
26 8
23 7
24 7
25 4
24 5
24 5
23 4
24 9
25 8
28 10
25 10
26 6
25 7
23 6
22 9
24 5
25 6
24 8
23 5
27 10
24 5
24 12
28 14
26 9
25 9
26 8
28 13
29 10
24 5
26 6
28 11
26 8
25 8
23 6
29 8
24 6
24 8
21 5
27 3
26 4
24 9
21 7
23 6
25 8
26 13
22 6
28 19
29 7
25 7
28 14
24 5
25 4
27 17
22 9
27 6
26 11
23 6
28 18
22 5
25 11
25 4
25 8
26 7
28 11
23 8
24 8
24 7
26 8
27 12
23 5
27 6
24 4
26 11
29 26
28 10
30 8
24 6
23 9
28 16
28 9
23 5
21 5
23 17
25 7
25 12
27 8
26 5
24 7
24 7
25 4
26 7
27 6
28 17
27 12
21 6
25 6
25 6
22 4
23 8
27 17
20 4
23 6
28 5
23 7
26 8
27 6
24 6
26 9
27 13
20 5
24 9
26 6
24 7
25 9
24 4
24 6
28 18
26 6
27 10
25 7
22 7
20 7
27 8
24 6
26 10
24 10
23 6
25 6
27 11
22 7
27 15
23 3
28 9
26 8
26 7
26 6
25 10
23 7
29 15
26 5
23 7
27 7
26 7
23 8
28 14
26 3
25 5
26 2
26 11
29 7
26 7
25 6
27 7
24 7
28 6
24 8
27 9
25 15
25 8
26 10
23 6
21 8
23 8
27 10
27 6
23 9
28 14
25 9
24 10
26 9
27 14
21 7
22 6
22 12
23 6
26 4
26 8
26 5
28 7
28 10
23 9
26 6
23 9
23 5
24 6
24 6
26 5
24 8
25 12
28 34
24 8
28 6
27 8
24 4
26 12
24 7
25 7
25 6
26 8
25 6
25 7
29 6
23 7
25 5
26 4
26 5
24 5
26 7
26 9
26 6
26 8
28 18
23 8
24 6
28 11
27 14
28 13
22 5
28 6
26 12
27 10
27 13
27 14
27 7
18 5
27 6
27 6
25 6
26 5
26 8
24 6
23 7
27 7
23 7
26 12
25 5
25 8
28 4
19 4
25 7
26 8
28 11
25 8
25 7
27 16
25 12
25 6
20 6
28 19
24 5
25 20
26 4
24 6
25 7
27 14
24 5
23 5
25 6
25 6
24 8
26 7
26 10
22 4
26 12
26 10
29 6
25 7
21 8
26 8
24 6
23 5
29 11
25 8
26 13
27 5
24 6
24 7
24 7
23 7
26 7
29 15
25 5
24 10
24 3
27 6
23 6
24 6
26 9
25 6
29 21
25 8
24 4
22 6
26 16
23 5
26 6
26 9
28 7
25 10
24 5
27 6
25 4
27 6
25 12
26 9
24 7
26 5
26 10
25 5
24 5
24 7
28 5
23 7
26 7
24 10
28 10
28 9
27 6
25 12
23 7
27 20
27 16
24 6
27 6
26 17
24 9
27 5
26 4
26 9
25 6
28 9
26 8
24 6
28 14
26 17
29 15
27 7
27 5
25 19
27 7
26 7
28 11
26 4
24 7
27 4
30 17
27 17
25 11
28 6
26 8
28 10
26 12
27 8
27 8
23 6
26 4
25 6
26 18
26 5
25 8
26 7
25 4
26 10
28 22
25 6
22 4
26 9
28 7
24 4
30 30
27 15
25 6
25 8
26 8
26 8
22 6
26 14
29 6
23 6
25 7
26 13
26 5
23 9
28 5
27 11
24 8
26 11
26 8
28 10
25 4
28 15
28 19
26 4
28 8
24 10
25 11
26 7
25 5
24 9
28 17
27 13
22 4
24 5
26 5
28 16
26 8
24 9
22 5
27 10
24 3
25 14
24 7
26 9
26 7
28 24
27 12
24 6
28 4
28 5
29 21
20 3
25 6
23 5
23 7
18 6
27 14
25 7
25 5
25 9
23 6
27 12
29 15
26 5
26 9
26 10
27 7
25 6
26 5
28 7
23 7
27 9
25 11
26 7
25 7
26 5
27 5
23 5
22 5
24 7
21 5
27 8
26 7
26 9
26 8
27 9
28 6
23 6
24 10
21 5
25 4
27 14
28 9
24 6
26 7
24 14
27 8
25 9
27 13
27 13
27 6
27 8
25 6
25 5
27 10
27 16
27 9
27 6
24 5
23 5
20 6
27 8
24 5
26 12
29 10
22 6
24 6
26 10
22 6
24 15
27 7
28 6
24 5
26 7
26 9
28 6
26 4
27 6
25 6
24 9
26 13
24 11
24 5
26 6
26 5
27 11
27 12
25 6
22 5
26 6
28 10
21 7
24 13
26 8
28 9
28 6
27 6
24 6
28 17
27 8
26 8
25 5
27 7
22 7
26 18
24 7
22 6
25 7
27 8
28 11
20 10
26 12
27 11
26 7
24 7
26 15
25 5
25 5
27 12
24 7
24 5
24 9
24 7
22 4
22 5
28 27
26 7
27 8
27 8
24 6
28 10
20 5
24 4
22 4
24 4
25 8
24 6
25 6
26 5
26 2
23 10
26 13
25 10
26 5
24 9
24 6
26 8
26 8
27 10
26 5
22 7
18 4
24 7
28 5
28 6
24 9
22 7
28 6
25 11
28 7
25 7
27 7
26 9
24 6
26 6
27 7
24 7
26 8
23 5
28 8
23 6
22 8
24 7
28 6
24 4
28 3
25 13
23 7
23 5
26 5
26 7
28 6
28 18
23 6
26 6
25 7
29 10
26 10
28 4
24 8
26 8
24 7
30 16
25 8
26 9
19 9
25 16
25 6
24 5
26 6
21 7
21 7
24 7
28 7
24 7
24 10
27 13
25 6
24 10
26 9
25 6
25 12
28 17
27 5
27 10
27 11
24 7
21 6
26 5
24 7
26 8
24 8
23 6
24 12
26 9
25 7
28 10
27 24
27 12
24 7
25 8
27 30
25 8
24 5
27 8
26 8
27 13
26 7
23 9
28 5
24 5
27 7
23 3
25 7
22 7
27 13
28 13
23 5
27 6
30 25
25 9
26 8
26 5
21 5
25 9
19 7
25 6
24 5
26 8
27 6
22 8
25 9
24 8
24 11
28 6
25 8
22 5
23 7
28 9
27 7
26 12
28 13
21 6
28 8
24 7
27 8
29 20
25 9
26 8
24 15
30 20
26 5
23 4
28 7
27 9
21 6
24 10
26 9
23 5
20 3
25 6
27 8
26 8
25 6
25 3
26 6
26 8
24 8
26 9
27 14
25 11
24 4
26 5
24 8
21 7
26 5
28 6
27 9
27 6
26 5
25 5
25 5
24 6
25 8
24 6
26 15
29 9
28 7
24 11
28 11
28 14
27 10
26 10
26 16
24 5
29 10
24 3
24 8
29 18
25 6
22 7
24 4
26 6
23 7
24 9
26 8
24 8
25 10
24 5
27 4
26 8
27 6
26 6
25 12
24 6
25 8
25 5
23 5
30 8
25 7
22 9
25 7
25 5
23 4
24 5
23 7
28 17
26 7
25 18
25 6
26 14
24 6
24 6
27 7
25 11
25 6
25 5
25 4
25 7
25 8
28 16
24 8
25 5
26 3
26 11
27 19
28 11
26 12
27 14
25 6
25 4
25 6
25 6
26 10
28 10
23 5
25 7
22 7
29 30
26 6
23 7
27 17
24 6
28 7
25 14
25 9
22 5
25 6
25 5
26 7
23 5
27 6
24 4
24 7
26 6
24 5
24 5
24 6
27 8
24 3
28 11
25 5
23 5
25 6
22 7
26 10
24 10
28 4
26 7
26 14
24 7
28 44
26 12
26 10
27 8
27 5
29 13
24 13
26 7
28 10
24 7
26 10
26 10
25 6
23 5
21 12
26 24
24 4
28 6
23 6
28 18
26 14
28 17
26 6
28 8
24 6
26 5
26 7
25 5
26 4
22 7
29 6
24 5
23 15
24 5
27 8
27 6
28 9
23 8
25 8
24 11
28 6
26 11
29 12
26 8
22 5
26 4
30 14
24 9
25 8
22 6
23 6
28 10
27 15
26 8
27 5
26 12
24 8
25 6
22 10
26 9
26 6
19 5
25 5
20 6
28 15
28 8
27 8
24 7
26 7
26 9
28 9
27 9
25 5
28 9
27 8
26 8
24 5
23 7
26 8
23 6
24 6
28 5
24 7
25 6
26 5
27 6
24 6
28 10
22 6
23 6
23 4
28 9
26 11
28 7
27 14
27 7
27 8
27 15
24 8
24 6
25 10
25 5
22 7
24 7
29 5
27 10
24 6
20 6
20 6
26 6
28 7
25 5
26 13
23 6
27 7
28 5
23 5
29 15
25 13
25 7
24 5
26 5
22 6
29 8
23 8
24 6
28 24
26 7
26 8
26 9
24 7
29 14
29 37
27 9
27 10
23 8
26 6
22 7
25 12
20 6
26 5
27 11
26 10
27 12
26 7
23 7
24 6
25 9
28 12
22 7
26 6
24 6
25 5
21 6
27 5
24 5
25 11
27 6
28 6
24 6
24 6
28 6
29 26
28 4
24 4
25 4
26 10
22 5
24 8
22 5
26 11
24 6
28 4
27 12
24 11
23 5
24 7
27 5
25 4
24 4
26 8
25 11
28 15
24 6
28 24
23 8
23 8
22 6
28 11
28 16
27 7
26 6
23 7
24 11
27 13
26 17
23 5
25 11
28 11
24 6
26 8
23 8
24 8
24 6
22 6
23 5
26 5
29 9
24 6
25 6
26 6
22 5
25 5
26 6
26 5
28 6
24 10
25 8
25 10
23 5
24 8
24 5
24 8
21 9
23 4
21 7
23 8
24 8
26 6
25 10
23 6
28 6
26 10
26 7
27 13
21 5
27 6
28 20
20 5
26 5
22 4
26 7
23 5
26 6
27 10
27 7
23 6
22 6
25 6
27 13
26 8
28 12
27 5
26 6
21 8
26 9
25 8
29 8
24 4
28 6
25 6
28 9
26 10
24 5
24 5
24 5
26 10
21 5
26 8
25 16
22 6
26 7
27 6
26 10
25 5
26 7
24 6
27 18
23 5
29 18
26 9
26 9
27 8
24 10
28 5
22 6
26 7
26 7
25 6
25 10
23 12
28 9
26 5
24 6
27 11
27 12
25 5
28 8
26 13
25 7
26 3
27 5
25 5
25 6
25 10
29 35
25 10
24 6
29 18
26 8
26 7
25 6
24 8
24 7
25 7
24 6
28 12
26 6
27 8
26 4
26 8
28 6
25 12
26 4
27 7
24 9
24 10
28 13
25 16
26 6
23 7
27 7
26 4
25 9
25 7
24 7
25 6
24 8
27 8
26 9
29 16
25 6
26 11
27 8
26 12
25 9
27 9
25 6
21 5
28 11
20 6
28 10
27 6
22 9
23 5
24 5
20 5
24 5
25 4
24 7
26 6
22 7
22 7
24 12
26 8
26 6
24 6
24 10
26 7
26 8
26 8
27 13
26 7
24 17
26 3
24 5
30 33
26 7
27 13
29 15
23 8
25 6
25 10
27 4
26 7
25 5
28 7
29 14
24 7
26 5
27 9
27 14
26 8
25 12
30 18
22 6
25 5
26 10
25 8
28 11
25 5
27 7
24 7
22 4
29 16
22 10
25 15
28 14
26 11
24 6
27 4
25 6
28 3
30 15
29 13
26 8
27 7
26 12
27 13
26 8
23 7
25 6
24 9
24 6
26 10
22 7
24 7
25 7
25 8
26 5
26 7
26 7
26 7
25 10
23 12
28 5
27 7
24 6
27 11
26 5
25 6
24 6
25 6
26 8
27 16
25 4
27 7
28 5
27 7
27 7
23 5
26 9
27 12
27 11
27 7
28 13
25 8
24 6
25 4
23 7
28 15
26 4
29 19
28 13
26 3
24 6
29 6
26 7
25 11
22 7
22 6
25 8
27 18
26 6
27 12
28 12
27 27
22 3
26 6
22 5
23 4
22 6
24 7
28 8
27 8
26 3
24 7
27 4
27 6
24 6
27 7
27 10
25 6
27 5
27 15
27 5
28 21
24 7
27 17
27 12
28 8
23 9
24 5
23 9
24 6
27 4
24 10
25 4
24 17
21 6
24 3
28 10
25 10
24 5
24 5
29 18
27 7
23 7
28 5
28 14
26 16
24 14
27 5
26 13
24 5
27 9
26 10
26 15
25 10
24 5
19 6
24 6
26 9
22 6
25 7
26 6
26 6
23 5
26 4
27 12
25 13
26 7
25 15
20 4
22 5
24 7
26 6
27 13
27 8
27 5
26 7
25 4
26 12
27 6
29 32
25 8
24 9
24 9
21 6
25 12
28 11
28 6
25 4
24 8
24 6
26 10
29 9
27 5
27 16
27 4
28 5
23 8
27 10
30 10
26 5
24 6
26 7
21 5
28 12
27 9
25 5
24 6
27 9
26 7
26 8
28 4
28 8
22 7
26 9
26 11
28 14
22 7
26 13
24 4
28 5
27 12
27 5
27 7
24 7
24 5
26 15
26 6
24 6
27 13
25 8
26 6
23 7
26 7
24 8
28 14
25 10
25 5
24 12
21 5
23 9
24 7
28 10
26 12
25 14
28 14
26 6
24 9
19 5
26 9
22 6
27 16
25 7
25 7
27 9
26 6
25 5
25 6
27 5
19 5
27 15
27 8
28 12
24 6
26 9
26 6
27 16
25 9
30 6
28 16
29 13
24 10
25 8
27 16
27 7
20 4
26 8
27 5
23 8
26 8
28 25
26 6
24 5
24 5
22 7
24 7
27 6
28 6
26 10
22 6
26 15
24 4
27 7
25 11
23 6
27 5
26 5
28 10
25 8
24 12
26 7
24 10
26 9
24 10
21 6
25 8
26 3
23 8
27 12
26 5
20 12
28 10
26 2
27 4
28 6
26 7
24 6
27 7
24 6
25 5
23 6
26 4
28 13
26 5
22 6
24 5
28 8
22 7
27 19
20 5
27 7
25 6
27 4
26 7
27 10
22 7
23 7
24 2
28 18
27 12
28 11
26 12
26 5
26 5
28 6
23 6
26 12
26 9
24 7
24 4
26 7
28 6
23 6
25 6
28 20
24 6
25 8
24 7
26 3
27 5
28 11
27 13
27 5
27 12
27 9
27 6
24 10
26 12
28 11
24 8
22 12
25 7
25 6
26 13
26 11
25 9
27 6
26 17
27 6
24 7
27 22
28 8
22 7
27 5
24 6
25 10
24 9
23 6
23 6
27 11
24 5
26 8
27 3
28 17
27 9
26 9
25 11
27 7
24 6
26 4
26 6
23 7
25 7
22 8
27 24
22 5
24 9
21 6
23 7
27 6
28 3
26 16
26 10
26 8
21 9
26 15
26 4
21 4
24 11
23 7
26 11
23 8
25 5
24 6
26 12
27 5
28 5
23 4
26 4
26 12
26 7
23 5
25 13
25 7
27 5
25 6
28 7
24 11
25 8
27 12
25 10
28 7
23 6
26 9
27 6
26 13
26 13
20 8
25 6
24 9
22 6
28 6
25 6
23 7
26 13
27 14
26 4
27 10
21 7
26 11
26 7
26 7
24 5
25 6
24 8
26 11
25 8
22 5
22 4
27 10
27 7
27 15
28 14
26 7
29 15
27 13
28 4
28 10
27 8
25 5
26 5
26 13
24 5
27 8
26 12
28 11
25 8
28 5
24 6
29 9
28 11
29 16
27 16
26 14
26 15
27 11
26 6
23 7
27 15
27 8
27 4
20 4
22 7
23 7
28 10
24 3
24 7
24 9
26 6
25 7
21 9
28 6
24 6
27 12
25 7
27 10
26 7
25 5
28 8
26 6
24 6
28 8
24 9
25 23
25 9
25 6
26 8
29 19
22 5
24 6
25 6
24 5
25 10
28 32
21 5
25 6
17 5
28 9
28 7
24 6
28 12
27 8
20 6
23 6
24 4
25 7
24 5
28 10
30 26
24 6
26 11
28 26
25 10
26 10
26 5
21 5
28 5
26 3
25 6
23 5
23 8
24 6
25 9
23 5
26 10
28 6
26 5
27 8
24 6
25 5
29 12
27 10
24 4
24 4
24 6
28 11
27 5
27 5
23 6
29 8
22 7
24 8
26 7
27 8
22 5
28 10
26 7
28 7
21 8
25 11
24 6
23 5
26 11
25 8
27 12
21 6
22 5
24 6
27 6
27 13
24 6
29 22
24 7
24 6
24 5
21 5
20 7
21 5
26 5
27 7
30 10
28 13
23 7
27 26
27 7
25 5
24 4
28 14
27 6
25 5
27 6
28 12
28 18
30 16
24 8
27 14
27 6
22 7
26 3
25 6
27 18
28 10
28 5
24 5
24 4
29 23
27 9
23 6
21 4
26 12
26 5
28 7
28 7
27 6
28 10
26 13
25 6
25 6
28 5
24 4
24 5
24 5
26 4
24 11
24 7
24 5
29 8
29 10
26 8
26 9
24 5
25 6
23 9
26 7
22 5
24 6
24 8
23 8
24 5
25 7
23 4
26 8
19 5
23 4
25 6
24 8
24 4
23 5
25 7
27 4
27 16
28 12
28 7
21 7
28 17
27 13
25 13
29 28
26 6
28 9
28 8
25 8
25 5
25 10
23 5
26 4
26 5
28 6
26 7
28 15
26 5
25 7
22 6
27 10
27 8
25 7
26 10
28 6
24 5
25 8
25 5
26 2
30 33
28 35
27 5
22 6
27 8
24 7
26 8
27 19
29 8
27 13
23 6
22 11
27 19
24 5
29 6
23 6
27 7
24 8
24 5
27 17
24 6
25 9
26 9
27 4
26 7
26 7
25 6
25 7
26 6
26 7
26 9
25 16
27 8
26 14
20 6
24 7
22 10
24 6
23 8
27 12
28 12
26 10
23 9
25 12
27 6
27 7
20 5
26 10
24 5
26 6
26 7
26 4
24 9
25 8
24 7
21 6
18 5
26 5
24 10
27 11
23 6
23 9
29 8
26 18
23 8
24 5
28 9
29 18
26 6
26 10
25 10
27 10
28 16
24 11
22 7
25 8
28 12
25 9
27 4
22 7
26 5
22 5
25 5
28 15
28 10
28 9
25 5
24 4
25 7
25 10
28 10
25 8
24 5
27 6
22 6
26 11
26 9
26 5
24 9
24 8
28 7
22 4
20 11
27 18
23 6
23 8
24 5
25 7
22 8
23 6
27 5
24 7
28 16
24 7
27 5
28 3
23 6
23 6
25 11
27 11
22 5
24 7
22 6
25 6
26 7
26 10
26 5
25 6
27 7
28 11
26 19
26 4
24 14
28 3
26 8
25 9
26 5
27 11
28 12
26 8
28 10
26 5
27 7
27 8
26 5
26 5
24 5
23 9
22 10
27 9
24 13
30 28
24 5
27 7
22 7
28 14
25 11
28 5
22 4
28 11
25 5
29 17
24 4
27 19
25 5
26 3
25 5
24 6
27 7
26 3
28 11
27 9
25 15
25 8
24 7
22 10
26 5
22 5
25 7
28 4
25 8
25 7
27 6
28 6
28 4
24 9
27 5
27 8
25 8
25 10
28 8
28 15
24 5
24 4
27 5
27 11
27 13
25 6
25 5
24 6
22 8
28 8
25 10
29 18
28 6
22 8
24 13
27 4
25 4
26 9
26 3
27 12
25 8
25 6
26 9
21 7
28 5
21 6
24 6
28 14
24 6
26 5
24 8
27 13
25 6
24 5
27 9
28 10
29 20
25 7
23 9
26 5
29 20
23 6
27 16
23 13
21 5
24 5
26 6
22 5
27 14
24 6
26 12
28 12
24 7
26 8
24 5
27 11
23 10
24 7
20 5
26 6
24 6
23 5
24 8
27 25
26 5
27 8
24 12
22 7
28 9
27 16
22 6
26 7
28 4
27 7
29 12
23 5
27 9
26 6
23 10
22 7
28 11
25 5
27 11
27 17
29 10
27 8
30 12
25 6
26 4
24 6
28 16
28 6
27 8
25 4
26 8
26 9
26 13
25 7
27 8
23 7
25 8
27 7
26 7
27 8
26 6
23 6
26 5
23 6
29 18
25 9
28 26
27 5
22 5
24 9
23 8
23 5
24 5
25 11
26 5
27 10
25 7
25 6
27 10
24 7
24 5
26 4
28 8
25 7
26 13
26 5
25 6
23 5
23 14
24 10
24 5
23 5
24 4
28 7
20 5
26 15
26 10
26 5
25 6
24 10
26 8
24 7
22 6
22 8
27 7
26 5
28 8
26 8
26 7
27 11
27 6
25 6
26 9
28 20
26 10
24 6
24 8
24 10
23 6
25 5
25 7
26 6
26 5
26 8
25 5
27 11
23 7
23 8
28 7
24 5
24 8
24 6
24 7
25 7
21 6
26 7
19 5
24 7
27 13
25 6
27 13
27 14
26 7
27 24
24 7
26 10
26 5
30 20
26 11
26 9
25 7
28 5
25 9
27 10
27 8
28 14
25 9
26 16
28 12
25 11
25 10
24 6
26 6
26 7
25 8
26 10
27 9
24 7
25 4
23 7
24 9
25 6
22 7
25 7
26 6
25 10
27 10
21 9
25 6
27 6
24 6
26 5
25 12
26 10
27 6
28 6
24 5
25 7
28 8
26 8
24 6
27 12
26 6
23 6
23 6
21 8
21 4
29 12
26 13
27 13
25 9
22 6
25 10
26 5
27 14
26 4
26 9
26 7
24 10
24 9
26 9
26 5
27 6
20 4
28 11
28 10
27 8
26 5
20 6
22 4
26 8
25 9
21 9
26 9
23 9
25 4
27 8
22 5
26 12
26 8
24 5
24 6
26 6
24 7
29 5
24 8
26 5
25 6
22 5
27 8
28 11
27 6
23 12
27 12
19 8
23 12
18 6
28 5
28 10
26 6
23 4
24 8
25 12
26 4
25 7
26 6
21 7
24 7
27 8
26 5
27 11
25 6
23 8
27 9
26 13
23 7
26 8
27 18
24 8
26 7
23 7
25 10
22 7
24 10
26 6
27 9
22 8
27 6
26 5
26 7
26 7
26 8
21 7
25 10
25 6
25 8
25 5
26 20
25 8
25 13
26 12
29 8
27 6
27 11
24 3
26 10
27 12
26 5
22 5
22 5
23 11
25 6
29 12
25 13
27 11
25 9
24 6
26 7
24 8
20 6
26 7
29 8
21 9
22 6
26 9
25 8
26 5
28 17
24 10
28 20
26 6
24 7
26 5
26 17
26 6
23 6
26 6
27 6
24 8
26 10
26 10
26 12
21 4
26 5
27 7
27 12
23 7
25 10
26 8
26 9
26 6
27 7
27 12
25 9
28 5
24 6
25 6
29 8
24 6
27 12
28 12
21 4
22 5
24 8
26 9
28 7
22 5
22 6
26 5
28 6
28 9
24 6
26 6
26 7
26 5
26 14
25 11
26 9
27 5
26 4
22 8
21 5
23 8
25 10
26 8
24 4
27 13
27 10
26 7
26 18
29 14
27 10
25 10
24 5
26 7
26 10
23 8
24 4
26 6
22 6
26 6
23 10
24 6
28 7
29 23
20 5
26 12
24 6
23 7
27 6
21 6
28 17
28 20
26 6
29 12
22 3
25 8
24 6
26 6
23 5
26 5
24 10
25 17
25 3
28 20
19 5
25 6
24 6
27 5
24 9
26 7
20 5
28 12
22 6
26 6
23 6
26 10
24 6
24 4
28 17
24 9
26 6
29 11
24 8
27 6
25 6
24 7
25 7
29 14
27 4
28 10
23 5
21 6
26 4
26 5
23 6
25 6
23 13
27 16
24 5
27 18
26 11
27 6
18 4
27 17
25 6
24 6
27 8
24 7
25 8
26 6
27 12
26 6
26 6
25 11
25 6
27 7
28 5
22 6
28 5
22 2
27 6
27 7
27 5
28 9
25 21
28 12
28 8
16 4
27 4
23 10
26 17
24 8
26 4
27 5
28 8
27 9
24 7
24 5
25 7
27 11
23 5
27 17
26 6
25 3
26 15
27 8
26 2
25 6
27 9
26 8
28 4
22 7
24 8
26 9
23 6
23 5
25 10
22 5
28 7
28 8
24 7
25 6
26 8
27 9
23 6
22 9
26 10
26 11
24 4
27 5
26 7
23 8
25 7
27 12
21 5
25 6
25 7
25 8
27 5
27 14
24 5
27 15
28 5
27 12
25 9
23 6
26 5
27 8
25 18
26 6
27 9
24 8
22 5
25 4
20 6
20 6
26 5
27 8
22 8
24 5
25 12
26 7
24 4
24 9
25 10
25 8
26 6
27 5
27 8
25 3
28 8
30 12
25 8
26 14
24 5
24 8
28 4
26 11
22 7
27 7
27 12
26 11
25 7
24 6
25 7
26 12
28 17
22 5
22 9
26 7
25 15
25 11
27 7
25 10
22 4
24 7
26 6
26 19
29 19
28 11
27 7
29 8
24 6
22 5
24 6
25 8
25 9
26 5
21 5
25 8
27 9
24 12
24 6
26 8
26 14
24 9
26 7
26 8
27 10
25 7
25 9
23 6
26 13
26 15
23 6
22 5
23 5
25 11
25 7
27 5
24 6
22 4
23 11
28 8
28 21
24 12
25 7
23 5
25 9
25 10
27 8
21 4
27 7
27 8
26 7
20 6
28 7
24 11
27 22
24 7
27 8
22 5
25 12
28 9
26 12
27 11
25 6
29 10
25 9
24 7
24 6
26 4
24 9
26 6
23 5
22 6
24 7
22 8
21 5
26 6
27 13
27 9
20 5
29 19
28 4
27 5
25 9
24 6
22 5
26 7
24 6
21 5
28 23
26 6
24 11
24 6
25 6
24 6
22 6
22 11
26 13
26 9
27 10
23 6
26 5
23 10
25 5
27 12
26 13
26 8
25 5
0 0
28 8
27 4
27 10
27 8
19 6
26 5
24 8
24 5
28 35
26 13
26 5
27 25
26 8
25 6
25 6
30 16
24 6
26 5
28 13
26 11
23 6
24 8
27 10
28 12
25 5
23 8
28 6
24 5
25 8
27 11
24 8
25 5
24 9
20 6
24 8
24 8
26 6
28 11
28 14
23 6
26 7
26 6
28 8
25 23
21 9
24 9
23 9
24 3
27 12
27 20
26 4
26 7
28 10
25 5
25 7
26 8
25 5
27 7
25 6
23 6
24 5
26 8
28 10
19 7
20 5
26 7
26 5
25 9
24 8
23 8
30 35
26 5
23 9
23 10
27 11
26 4
28 11
23 5
24 7
28 12
26 6
25 8
22 5
26 9
28 8
26 10
18 4
21 5
23 10
23 14
24 8
24 6
25 9
28 11
26 7
23 9
28 5
26 8
23 6
22 7
26 8
27 7
28 6
24 3
25 8
25 11
26 7
26 7
28 11
29 10
26 6
27 5
24 6
25 10
28 9
22 6
28 12
27 5
25 8
24 4
26 11
25 10
26 4
28 8
26 8
27 12
25 9
22 5
20 6
24 7
23 4
26 7
26 5
21 5
25 9
29 16
23 7
26 10
26 10
25 7
24 7
26 10
28 5
26 7
26 5
26 5
23 5
28 15
21 5
26 14
26 7
28 9
25 9
23 6
23 4
25 6
25 7
26 14
26 4
29 23
24 5
26 5
28 16
26 9
24 7
27 17
29 16
27 13
29 11
24 6
26 8
22 5
23 5
25 14
20 4
27 18
26 8
28 16
24 15
23 7
22 5
28 9
25 9
28 6
26 12
21 7
26 6
24 5
25 9
23 7
27 12
28 18
27 8
23 5
26 4
26 6
20 7
24 8
22 6
22 6
22 9
25 5
25 5
27 20
28 3
26 10
25 4
25 11
28 7
27 13
25 6
22 5
26 9
26 7
26 14
28 19
27 14
22 5
24 11
26 9
27 11
24 12
24 4
29 9
27 5
25 6
26 11
27 11
26 8
23 4
23 7
22 7
24 5
26 5
29 10
24 7
27 7
27 6
28 4
27 5
23 6
25 11
27 15
24 5
24 7
24 5
26 5
25 6
26 9
26 9
29 8
28 12
26 7
26 5
25 17
27 9
23 4
24 6
20 5
25 8
28 11
24 5
28 20
28 16
24 6
28 4
24 9
24 8
20 4
27 10
26 5
25 8
25 6
28 13
28 13
26 12
28 6
25 9
26 7
23 6
25 5
26 10
26 5
24 6
24 3
24 7
26 5
28 11
28 21
24 9
26 10
26 4
27 9
27 6
25 7
28 5
23 6
26 4
24 9
22 5
24 6
26 5
20 4
25 7
25 6
24 6
25 4
25 9
25 7
26 10
26 6
22 8
26 6
28 11
23 8
24 3
25 5
27 8
26 19
25 6
23 8
25 9
25 8
27 15
26 10
23 6
25 6
26 7
26 5
28 5
22 5
24 14
25 14
26 13
25 6
26 5
25 8
24 4
26 10
26 18
22 6
24 6
20 4
26 10
25 12
27 18
29 14
29 6
26 20
25 6
25 9
27 8
28 6
28 17
26 5
24 7
22 6
21 6
27 5
26 7
26 7
29 4
23 6
26 10
27 13
25 15
23 5
24 11
22 6
22 6
25 5
23 6
25 9
27 4
26 12
24 6
26 15
22 7
21 6
23 5
25 7
26 8
24 5
28 12
23 8
27 7
28 7
22 6
25 19
26 7
27 7
22 5
24 5
28 7
24 5
26 5
23 6
20 6
24 7
26 5
29 7
24 5
27 6
24 6
26 10
22 4
30 5
23 6
22 5
25 5
25 7
26 9
25 12
26 11
23 5
23 4
25 10
29 14
25 11
26 8
29 25
28 13
25 7
24 4
23 5
23 9
26 10
27 14
21 7
24 9
23 7
26 5
25 6
27 18
23 6
25 5
24 9
23 7
23 4
26 5
24 8
27 7
26 9
26 8
25 7
28 4
24 6
23 6
24 6
28 6
21 5
23 9
24 6
28 13
22 6
24 6
24 11
25 6
28 15
19 5
22 7
24 6
25 12
24 7
25 7
21 4
24 7
21 7
26 6
27 8
26 6
24 6
27 14
27 6
20 7
25 16
20 7
26 9
27 23
27 8
26 5
23 6
24 5
27 8
26 6
26 4
24 6
24 4
26 12
25 5
28 10
26 7
27 9
27 5
25 6
28 7
24 11
30 45
27 14
28 12
26 10
25 7
25 7
21 7
26 11
26 6
26 9
23 10
22 7
24 6
29 10
25 7
25 7
26 5
22 5
27 4
25 6
25 14
25 5
27 5
21 8
30 33
24 5
26 12
24 9
26 4
28 15
27 12
27 11
28 12
25 6
20 4
23 10
20 6
28 6
26 15
23 8
26 10
24 5
28 10
26 5
26 6
23 6
26 10
24 6
25 6
26 5
21 6
24 9
25 6
26 9
25 11
25 11
25 13
25 8
23 7
22 5
24 5
26 9
24 6
29 13
23 10
24 6
24 9
26 7
28 4
23 5
28 5
28 14
24 8
24 7
25 4
26 9
24 5
25 5
26 4
26 14
28 12
23 5
28 12
22 5
28 8
27 5
28 6
26 4
23 7
27 5
21 7
25 6
23 6
25 7
27 3
28 8
27 14
27 8
26 7
27 4
28 14
26 8
29 13
26 4
22 8
26 10
22 5
28 13
22 5
24 7
27 6
26 8
28 6
24 6
27 15
25 10
18 5
25 6
25 9
23 11
29 8
27 15
24 7
26 16
26 13
24 10
21 8
22 5
25 4
26 14
26 10
25 7
25 12
28 12
30 15
25 4
25 11
22 4
25 7
28 11
26 7
26 8
25 8
24 5
26 12
26 6
28 14
26 6
27 18
24 6
28 9
24 5
24 8
24 8
26 13
25 5
24 12
24 5
22 9
24 4
26 5
25 21
28 22
26 6
24 6
25 6
24 6
26 7
25 6
23 9
29 9
21 5
26 14
21 6
25 7
25 6
28 10
23 6
28 18
30 10
26 8
20 5
24 14
25 5
26 7
28 6
26 11
25 8
27 6
28 5
24 8
24 9
24 3
26 6
27 5
25 6
22 6
25 9
25 4
27 10
27 14
28 13
26 8
26 13
21 6
24 5
24 9
28 9
24 6
20 7
27 27
24 7
23 7
26 4
24 6
24 5
22 7
27 5
27 5
21 4
28 11
26 8
26 11
21 5
27 17
25 9
25 6
22 8
28 11
25 7
24 3
25 9
23 9
26 14
26 18
27 13
25 6
24 5
26 8
23 5
25 13
26 6
27 12
24 13
22 3
27 9
26 4
22 7
25 15
24 7
21 3
24 6
26 7
24 10
22 7
28 15
25 11
28 16
28 15
24 6
25 15
28 11
27 7
23 5
27 12
26 11
24 5
25 6
22 8
22 5
27 6
30 9
26 12
23 5
24 7
25 6
25 5
24 8
27 9
30 12
23 5
27 5
25 10
25 4
24 8
28 9
28 7
29 16
21 7
26 8
28 7
28 5
26 5
20 7
27 6
23 7
24 8
23 5
27 7
26 21
24 6
23 7
27 9
25 7
19 8
23 7
27 11
26 6
26 5
24 5
22 5
28 9
26 5
26 6
23 10
25 7
27 10
25 8
24 3
27 5
24 5
24 9
27 14
24 9
28 11
24 6
29 34
25 5
24 8
23 8
24 8
25 17
27 5
26 4
27 12
24 7
27 7
28 10
27 10
24 4
24 5
27 15
26 7
29 8
26 7
29 8
27 5
28 9
23 8
24 5
23 7
25 4
26 4
30 13
23 7
29 13
24 6
24 9
24 6
26 6
26 17
21 8
27 5
27 7
26 14
27 13
23 9
25 5
26 7
26 7
24 7
27 7
25 8
28 6
24 6
24 8
14 4
26 11
28 10
18 5
26 13
25 7
26 9
24 3
26 7
28 15
25 6
26 8
24 3
21 4
24 7
28 14
28 4
26 5
23 6
24 8
22 6
22 7
26 11
28 8
25 8
25 5
26 6
20 4
21 5
19 6
28 6
27 11
23 5
21 5
23 6
28 8
27 11
26 7
26 11
26 17
26 11
29 13
24 9
26 8
26 5
25 8
22 7
27 8
25 7
24 17
25 6
27 8
25 6
24 7
26 7
28 4
26 5
24 6
26 5
22 8
27 8
27 9
26 12
27 10
25 6
25 6
25 6
26 8
26 20
24 6
28 6
25 12
27 15
26 19
25 17
25 8
27 9
28 8
28 13
27 6
26 3
26 9
27 16
26 7
26 5
23 3
26 5
23 9
27 6
28 12
20 7
24 7
29 20
22 5
26 13
24 7
25 4
23 5
24 9
25 9
24 13
27 6
26 12
24 5
23 8
28 8
30 15
23 5
25 6
25 8
23 5
26 8
24 10
25 8
26 8
19 7
25 9
23 5
25 5
25 6
26 9
26 5
25 10
28 15
23 5
27 5
24 7
27 9
28 7
26 11
26 11
25 8
25 10
26 8
28 8
27 14
24 8
26 6
24 4
26 7
25 6
25 6
25 6
26 6
25 8
26 7
25 7
28 25
28 14
26 8
27 5
25 7
26 7
30 26
23 6
26 4
25 7
26 6
28 13
28 11
26 11
22 6
23 5
28 19
25 6
26 7
22 5
22 5
26 11
27 3
26 7
26 12
28 7
24 5
25 6
24 9
28 25
26 6
29 24
27 8
25 10
27 8
26 8
28 3
27 9
27 6
24 6
25 6
26 6
19 5
28 13
25 8
24 6
27 15
26 11
28 16
21 4
22 4
23 5
26 8
28 4
28 8
26 7
24 5
27 10
19 3
26 11
23 7
25 5
24 5
28 12
27 11
26 7
28 13
23 5
24 8
28 9
26 9
27 9
28 23
27 21
25 8
23 7
28 9
26 5
27 7
27 6
22 6
25 8
26 8
24 6
28 13
24 9
27 9
23 5
23 7
27 6
24 8
26 5
26 7
23 6
23 5
27 11
28 7
28 17
26 5
30 8
24 5
25 6
25 11
28 13
27 18
19 5
27 10
26 9
23 8
25 12
22 5
26 6
26 5
23 11
26 14
28 10
23 5
25 11
27 13
28 7
27 8
28 10
28 6
25 6
22 6
23 10
25 9
25 8
26 4
27 7
26 11
27 9
28 9
26 5
26 10
29 7
26 4
28 6
26 5
23 11
23 8
23 6
26 4
26 6
25 7
22 7
25 13
26 6
25 7
23 7
27 11
28 9
26 4
27 6
27 8
25 4
24 6
25 6
28 8
28 8
21 9
27 7
26 6
24 5
26 10
27 10
28 7
27 8
28 27
28 17
25 6
26 10
26 9
28 13
28 12
28 18
25 6
26 6
30 37
24 5
29 9
26 9
27 7
26 2
25 7
21 8
27 11
28 18
26 11
20 6
26 9
23 10
26 6
26 8
25 5
20 5
28 17
22 7
24 8
28 12
24 6
29 9
26 6
26 7
25 4
29 25
26 11
28 12
22 5
25 6
27 13
23 5
24 8
25 4
25 8
24 7
25 9
22 6
26 9
26 24
25 8
25 6
26 7
28 6
26 5
27 8
18 5
26 10
26 10
25 7
27 6
27 8
25 5
28 5
27 5
26 4
27 25
26 5
28 7
26 7
26 4
26 5
25 5
24 8
25 7
22 9
26 13
24 10
23 5
26 4
24 5
25 7
22 6
26 7
22 6
24 4
23 5
28 12
25 6
25 6
25 12
29 15
25 9
24 5
26 6
25 7
28 9
24 6
26 8
24 14
26 5
26 12
25 6
23 8
23 5
24 6
26 6
28 12
24 8
24 9
27 11
26 8
28 10
26 9
24 5
25 5
24 3
26 9
28 17
28 6
28 11
28 6
25 4
26 10
26 5
25 10
27 5
26 5
28 9
21 5
24 10
22 9
25 8
28 6
21 5
24 5
28 18
27 10
28 18
26 14
27 10
25 12
25 5
21 6
25 15
26 7
28 13
24 7
24 5
19 5
26 14
28 15
25 5
22 6
27 7
27 6
25 8
24 7
27 10
26 6
24 11
27 12
26 7
24 8
26 9
24 6
26 8
23 6
24 9
25 4
25 6
26 8
27 8
22 6
26 10
25 8
26 5
21 7
26 9
27 6
26 8
25 6
25 13
28 5
27 6
30 18
22 7
28 12
24 5
25 7
28 15
27 9
28 8
26 7
28 2
28 8
25 6
19 4
23 8
27 9
24 7
24 6
28 7
26 5
28 9
25 5
27 6
27 6
26 10
26 10
23 4
26 5
25 9
23 17
28 22
26 12
24 4
27 12
27 6
26 5
27 11
26 5
30 12
26 8
26 8
22 9
24 8
22 6
24 13
26 5
23 6
26 5
28 7
25 7
26 9
29 10
24 6
25 8
28 6
21 6
20 5
26 5
21 6
27 7
27 10
29 17
26 3
25 16
24 9
27 5
24 9
27 7
27 8
28 7
27 5
28 28
25 10
24 8
26 8
27 9
24 4
29 18
25 7
24 14
24 9
26 4
25 7
26 11
24 7
25 8
23 7
24 4
26 16
27 9
22 4
27 11
31 40
29 4
25 6
26 6
27 8
29 13
26 7
25 9
27 9
27 6
26 6
25 6
25 5
28 16
29 53
28 7
25 6
24 9
25 5
22 7
18 5
28 12
26 5
26 5
27 5
27 7
23 6
21 8
22 8
24 6
20 6
29 14
25 8
26 10
28 7
26 5
22 6
26 6
26 9
27 11
29 10
28 12
26 10
25 4
26 11
28 9
26 9
26 9
27 4
25 8
27 14
27 8
26 8
22 8
25 5
28 5
27 5
27 7
26 8
24 6
26 8
26 9
27 7
22 6
24 7
23 5
24 7
25 14
25 6
24 6
27 8
26 4
23 8
19 4
27 13
27 7
22 6
26 5
27 21
23 10
26 7
25 10
23 6
27 14
21 6
26 10
27 12
24 6
23 8
25 7
21 10
26 13
21 9
26 12
22 6
23 8
25 5
24 7
27 7
25 11
28 12
30 29
27 8
25 7
29 8
29 25
27 7
23 5
25 14
26 5
28 10
26 13
23 6
27 13
25 3
26 5
27 8
27 6
28 8
25 4
21 4
27 15
24 7
29 7
26 6
26 8
27 6
25 12
24 9
22 7
27 7
25 11
22 7
24 2
21 6
26 5
23 5
26 7
27 18
26 7
24 6
28 12
27 8
24 6
23 4
26 4
26 6
23 5
26 4
23 7
25 7
27 10
25 5
26 5
26 5
27 5
23 7
24 5
25 3
24 10
27 10
25 7
26 7
26 5
24 6
27 9
25 5
29 12
24 5
25 8
25 7
26 5
26 5
30 29
26 10
26 13
24 11
27 7
26 3
27 14
26 12
22 6
25 8
23 10
27 7
21 7
26 14
28 15
22 6
26 7
23 11
26 10
24 6
25 5
27 11
26 3
28 29
27 7
26 13
24 12
25 8
29 4
25 12
22 6
24 3
25 11
30 22
28 8
25 8
25 8
24 13
27 8
25 4
26 5
24 6
24 6
28 7
23 7
26 11
26 6
24 6
28 22
30 16
27 8
23 8
24 6
28 26
21 6
24 5
28 13
29 23
28 20
26 6
26 7
29 5
26 5
27 6
25 10
26 9
23 7
27 7
26 7
25 7
24 7
24 5
26 10
26 5
26 6
22 4
23 4
27 8
28 8
28 14
25 4
22 5
25 7
26 8
22 5
24 6
28 8
24 5
26 7
22 5
27 20
26 8
25 6
27 5
21 6
28 7
24 6
23 6
28 7
26 7
25 9
24 9
25 7
27 9
24 7
27 7
26 6
25 9
27 3
22 6
20 7
25 7
26 15
29 15
23 5
27 7
27 5
28 15
24 5
26 10
28 8
26 5
27 6
25 8
27 5
22 7
28 5
27 14
23 5
22 5
26 5
27 8
26 14
27 30
26 9
22 6
25 6
25 7
22 6
27 5
22 6
26 12
24 7
27 16
22 5
26 16
24 8
25 7
27 8
29 34
25 9
28 22
27 13
25 9
22 9
27 10
26 9
26 5
24 3
25 8
26 8
27 9
26 9
27 7
26 7
25 7
26 6
27 5
28 6
26 7
23 7
25 8
26 9
26 6
25 7
25 4
27 14
25 12
28 7
23 8
25 13
28 8
22 6
26 5
26 6
26 8
26 7
27 6
24 5
27 10
26 7
24 4
26 13
23 5
26 9
24 5
26 13
25 6
24 5
28 12
26 6
26 8
28 13
22 4
24 6
26 5
26 7
26 12
25 15
28 17
23 5
26 3
26 6
26 5
23 6
24 4
25 6
25 10
26 12
23 5
26 5
28 9
26 5
24 7
26 6
26 6
28 24
24 10
25 6
26 6
27 11
24 5
25 9
25 15
28 17
25 7
22 7
28 8
28 10
25 8
24 6
28 7
28 4
27 11
28 9
28 12
21 6
26 7
25 8
26 12
24 6
26 8
23 6
26 7
22 6
27 19
27 6
25 9
25 10
24 10
25 8
27 6
23 7
24 12
26 6
27 10
24 7
23 7
29 12
20 7
26 13
28 8
26 10
27 3
24 6
28 17
21 10
24 7
24 6
27 9
23 6
27 5
24 6
21 3
26 7
26 20
24 5
25 4
26 12
27 6
25 7
25 16
24 4
24 5
24 4
28 6
29 16
27 5
24 7
27 9
24 7
27 9
23 5
28 9
28 6
26 6
27 11
24 14
28 5
29 7
24 9
25 7
26 7
20 5
26 11
26 7
23 7
28 15
28 7
27 9
25 5
26 13
24 6
26 11
23 4
24 6
25 5
27 13
26 9
28 5
24 5
24 8
26 6
27 9
26 10
25 6
21 6
26 10
29 11
24 4
25 8
27 8
24 5
27 8
25 10
27 6
25 8
26 10
27 6
26 5
26 13
24 7
28 11
24 4
26 15
26 5
26 5
23 6
29 9
27 8
24 4
23 6
28 7
24 7
24 7
26 10
27 8
27 6
25 5
26 14
21 9
28 10
27 9
26 5
26 5
24 3
24 6
27 8
26 5
23 5
27 7
26 7
23 5
25 7
28 11
24 9
26 4
26 5
24 12
22 5
25 11
28 6
22 5
26 3
26 7
24 4
26 5
25 6
28 17
26 7
24 9
26 9
25 10
24 11
26 5
30 15
23 6
24 6
23 5
24 3
25 9
26 16
24 6
29 31
24 6
24 9
24 10
27 12
28 11
26 11
21 5
24 13
28 8
24 7
23 6
23 5
28 9
27 18
24 9
28 7
25 9
23 11
23 4
27 9
28 16
29 8
25 10
23 11
25 12
26 12
22 6
28 12
22 6
21 6
26 9
28 9
28 6
23 6
27 7
29 13
26 11
25 5
24 11
25 6
28 10
27 6
24 10
23 7
26 7
23 6
28 14
24 7
26 7
26 13
24 6
28 9
27 6
28 10
26 9
24 7
22 5
23 8
26 7
29 12
25 8
29 5
26 9
26 5
25 11
25 7
26 6
25 6
25 6
28 11
24 5
20 5
23 6
29 28
28 14
26 6
22 6
25 12
21 6
24 3
28 17
27 5
22 3
28 15
21 5
21 10
24 11
24 7
23 7
24 5
22 7
24 5
18 5
26 6
27 7
25 7
25 7
26 6
24 10
27 10
25 7
28 8
26 5
28 20
26 8
27 12
26 5
26 4
25 9
26 8
24 12
25 10
27 6
26 6
24 6
25 5
27 7
27 8
24 8
26 7
28 25
26 12
26 20
25 7
26 9
28 3
26 4
22 7
25 5
27 8
26 10
25 4
26 5
26 10
26 12
28 23
27 7
26 19
24 6
26 6
24 12
28 9
24 8
22 3
25 10
26 8
20 4
26 10
26 7
24 5
27 16
28 13
25 10
27 17
24 4
28 17
26 12
25 6
26 9
22 5
23 8
23 8
25 7
25 7
26 7
27 6
26 10
25 5
24 4
20 3
23 6
28 12
26 5
23 5
24 9
25 8
25 7
26 7
26 11
24 5
27 11
26 21
28 6
23 10
23 5
28 7
28 12
26 8
27 10
21 9
25 10
25 5
25 14
25 9
28 16
28 5
27 6
21 6
25 12
24 7
27 7
21 7
24 4
23 12
29 32
20 8
25 9
30 12
24 4
28 7
26 5
26 7
27 12
27 8
22 7
24 8
25 7
26 12
27 8
28 13
27 6
26 6
27 6
25 8
24 7
26 7
27 16
25 9
26 9
26 7
26 6
24 5
24 10
21 7
28 9
25 7
28 4
25 5
26 6
26 8
21 5
24 3
25 5
26 6
25 11
22 6
25 5
28 14
26 13
24 8
27 13
27 4
26 8
27 8
27 9
22 7
24 9
24 8
28 10
24 7
26 9
24 11
22 6
25 17
24 4
26 6
27 6
24 6
27 12
24 5
25 5
26 6
27 7
25 8
27 7
25 11
26 12
23 5
26 6
28 10
25 6
28 3
26 4
27 21
27 8
28 10
20 5
27 6
26 6
28 9
26 8
23 6
24 9
27 9
26 5
23 8
26 24
25 7
22 5
27 5
26 8
24 4
26 11
26 8
28 9
24 6
24 6
27 6
22 8
25 6
26 8
24 7
26 6
25 7
25 4
25 6
26 4
27 5
26 8
26 9
24 8
24 8
30 6
24 6
28 5
24 8
24 4
22 5
24 7
27 7
24 12
24 4
28 11
27 6
24 4
24 7
23 7
26 6
26 5
26 5
27 18
24 4
27 14
25 6
23 7
25 16
26 7
25 11
21 6
27 5
24 5
28 6
26 8
26 4
25 11
28 17
26 8
26 5
26 6
26 17
26 18
26 7
22 3
24 7
24 4
22 4
25 13
25 5
27 7
24 4
24 8
26 6
26 11
25 17
27 15
28 5
29 31
25 10
28 15
24 5
28 7
25 4
28 13
27 9
27 11
28 17
28 12
25 6
26 7
24 7
27 10
30 19
26 7
23 6
28 9
23 9
26 13
24 6
21 6
25 6
24 9
24 5
27 14
23 4
26 6
25 9
24 6
25 6
25 6
27 11
24 7
22 7
18 5
26 5
25 11
25 7
29 18
23 13
29 15
29 8
25 8
27 7
27 6
24 5
28 13
23 12
27 5
26 5
22 6
26 12
26 5
30 17
28 5
24 6
27 15
24 5
25 6
22 6
26 8
26 9
24 6
27 40
24 6
25 5
27 10
25 4
26 7
27 9
22 6
23 5
25 5
29 21
24 12
24 9
25 7
27 11
24 10
24 7
24 5
26 6
25 4
29 10
27 4
25 10
27 9
27 19
26 11
24 5
25 7
27 12
24 5
28 6
23 5
24 9
27 7
28 14
28 9
28 13
24 2
25 7
26 13
28 6
26 5
26 6
28 13
25 5
29 11
26 4
25 14
23 9
26 11
23 5
23 7
24 8
27 6
26 4
25 9
26 3
28 7
26 10
26 9
22 6
27 16
25 5
28 7
23 12
26 8
25 8
25 10
28 17
21 5
26 6
23 6
26 12
25 10
27 6
23 9
25 10
25 7
25 5
23 13
25 6
26 6
28 7
25 7
24 4
25 11
25 7
22 4
26 8
24 5
29 18
26 4
24 13
24 13
27 7
25 5
27 11
25 4
25 14
24 8
27 6
25 14
25 8
23 5
26 10
22 9
27 8
29 14
24 9
25 5
27 19
23 7
26 6
23 7
23 5
25 9
24 5
26 6
26 8
27 6
25 5
26 8
28 15
27 6
22 5
21 5
26 6
26 3
27 14
27 19
25 5
25 11
24 7
24 7
28 17
26 8
25 6
20 7
27 7
25 9
26 9
26 9
27 5
27 8
27 7
23 5
26 5
26 4
25 9
26 14
26 9
25 11
26 8
28 16
28 16
26 11
26 6
26 5
28 12
25 6
25 9
25 8
26 10
26 8
26 6
26 8
22 8
25 9
28 13
28 10
28 8
25 7
26 9
27 10
24 10
22 5
25 8
26 7
27 6
24 5
24 9
23 6
24 9
26 17
25 8
26 22
24 6
25 8
26 8
25 9
27 7
28 26
23 6
25 5
24 6
27 6
22 3
23 7
24 6
25 7
25 5
26 4
27 10
25 5
25 6
28 14
27 6
26 6
25 9
26 10
25 4
29 12
25 8
24 4
23 4
22 5
26 5
24 10
21 5
25 9
27 9
26 4
26 6
26 10
24 8
23 7
24 10
27 9
23 6
22 7
22 5
26 8
24 8
21 5
28 13
25 11
24 7
29 16
24 12
24 3
26 7
25 4
26 5
28 3
24 7
20 5
26 5
24 7
24 6
27 11
24 4
27 11
28 11
25 11
24 12
27 11
24 5
24 10
24 6
24 5
22 5
28 12
26 12
29 6
24 5
28 14
26 10
28 14
27 20
26 4
25 6
23 7
26 13
26 8
28 6
27 10
26 11
23 8
26 2
24 6
26 5
22 6
28 8
25 9
23 15
28 25
21 6
26 6
25 6
28 18
26 4
26 7
24 6
25 5
24 6
24 7
28 10
23 5
26 7
24 9
26 6
26 11
26 8
24 8
28 12
25 7
28 6
27 6
27 12
22 5
28 16
26 7
26 7
25 9
26 6
22 7
25 6
28 14
25 8
22 5
21 5
27 7
28 10
27 9
30 37
27 5
27 8
29 6
27 7
24 4
26 12
21 6
27 4
26 8
26 8
23 6
25 8
27 7
24 7
26 7
26 8
22 5
29 19
26 12
23 8
19 6
27 11
26 4
24 8
27 7
24 11
27 11
26 7
24 5
26 7
27 10
24 4
28 8
25 10
25 7
28 11
24 6
22 10
27 7
25 5
22 5
23 9
28 12
26 13
28 10
28 23
29 18
26 7
26 7
20 9
27 4
27 6
26 6
25 9
28 8
24 9
26 10
24 14
27 7
23 7
26 7
22 9
26 10
24 6
28 9
25 11
28 19
23 7
26 6
27 6
26 4
27 10
26 7
22 6
25 7
24 6
26 7
23 5
22 6
27 5
27 8
25 7
25 6
24 4
27 10
23 3
30 24
25 6
27 7
25 8
22 8
29 8
25 6
26 6
24 8
30 20
26 5
26 8
28 18
27 9
28 21
27 5
25 7
24 7
28 13
24 6
25 6
26 11
23 7
28 4
30 32
25 4
27 8
26 9
24 6
27 7
27 12
26 6
25 14
25 6
26 11
28 6
26 9
25 6
27 13
28 13
26 5
30 60
25 7
26 8
27 9
27 16
24 5
28 17
24 7
27 5
26 8
26 18
27 16
26 20
28 24
23 6
23 7
29 8
26 12
18 5
24 7
24 10
22 10
26 4
24 5
22 5
26 11
25 14
25 10
22 7
28 26
27 6
27 6
28 13
27 9
23 6
26 5
24 6
26 4
24 6
28 8
28 15
23 6
25 11
26 5
24 8
22 8
26 9
27 10
22 7
24 5
27 8
27 6
25 7
24 8
25 9
23 7
24 3
25 9
28 7
28 4
26 9
25 6
26 6
26 7
26 4
25 7
23 5
24 6
26 10
28 10
22 5
22 9
21 5
26 8
25 6
26 6
29 7
24 7
27 12
26 12
24 11
25 7
25 8
25 6
25 6
25 6
24 7
26 7
25 7
28 15
21 7
24 10
27 6
24 5
22 7
29 9
28 15
27 14
24 6
20 9
24 4
22 10
22 7
25 13
28 18
26 7
24 4
27 8
25 10
19 5
26 5
25 7
26 14
22 8
22 8
28 10
24 13
26 9
28 3
26 7
26 6
25 4
24 7
26 4
28 7
26 7
22 6
24 5
25 6
24 9
26 10
25 11
27 6
27 6
28 5
28 6
21 6
26 7
25 4
23 5
25 7
26 10
25 8
28 14
22 8
25 5
24 5
27 9
28 6
29 7
26 6
27 10
26 4
28 6
26 6
28 11
27 7
26 12
25 6
27 7
25 7
27 5
29 10
20 5
29 29
26 16
25 5
28 8
23 4
24 3
28 4
25 7
26 5
24 6
21 5
27 13
22 5
29 8
22 5
26 9
24 8
29 21
28 13
25 8
24 16
26 9
27 9
24 6
23 7
26 9
25 7
27 9
26 11
26 9
24 7
24 13
25 10
25 12
24 13
22 6
28 8
29 6
22 5
22 5
24 8
24 5
24 5
24 4
29 4
28 11
27 6
27 7
24 9
25 5
27 9
25 4
21 7
25 10
26 7
28 6
26 13
25 10
28 5
28 14
25 7
26 18
28 16
26 7
24 6
26 9
26 6
27 4
23 7
27 4
20 2
26 5
28 13
26 8
26 6
25 9
23 7
24 6
24 8
25 6
26 5
23 6
24 6
25 9
27 5
24 5
25 5
24 6
21 6
28 12
27 10
25 10
26 7
23 9
26 6
24 12
24 4
24 7
26 7
26 7
25 5
25 6
24 8
27 8
25 5
23 6
26 12
24 5
24 5
28 7
26 13
28 13
26 6
28 6
29 10
24 8
30 12
25 9
25 5
23 6
24 4
28 15
25 6
30 16
24 8
25 5
22 3
26 5
24 8
21 5
24 10
24 8
25 8
28 25
23 6
22 8
27 14
28 21
23 5
26 13
25 5
28 13
27 5
26 9
26 6
23 4
26 5
26 6
24 3
24 7
26 6
23 6
22 5
25 8
25 9
24 5
27 13
25 11
27 6
24 6
28 6
25 7
26 7
27 6
22 3
28 27
26 5
24 5
26 9
22 7
24 10
26 6
28 12
26 6
26 3
24 6
26 6
26 3
28 7
26 3
27 9
26 11
24 10
27 4
24 6
27 14
26 9
23 5
22 5
23 10
30 20
27 15
26 5
28 16
25 6
23 7
30 10
27 7
26 13
26 6
27 7
22 4
23 6
23 6
26 10
28 10
27 5
24 7
21 5
29 44
25 7
26 7
26 8
25 9
28 6
25 7
26 8
27 9
26 7
26 6
26 14
26 6
27 10
22 7
26 11
22 5
25 12
26 7
26 9
23 6
27 7
26 14
27 11
24 5
26 12
26 8
24 5
28 7
26 4
28 5
25 7
26 6
25 8
25 10
24 5
21 6
29 8
22 4
28 9
26 6
22 7
25 16
25 6
23 5
28 22
28 9
26 7
29 32
24 7
22 5
27 6
26 8
28 11
23 6
26 9
28 7
27 10
29 22
24 5
24 6
23 7
28 15
26 8
22 4
27 13
27 11
29 12
25 10
26 4
30 8
24 9
23 6
26 6
28 18
26 9
19 5
27 9
24 9
26 8
23 4
23 5
25 9
23 7
26 9
24 4
21 7
28 16
26 10
26 5
24 9
22 8
29 12
24 9
27 7
28 14
26 6
20 8
27 3
26 4
26 9
27 10
26 8
27 7
22 6
27 22
25 8
25 9
20 3
28 9
28 6
22 6
25 9
28 18
24 8
29 27
25 10
28 10
25 8
27 9
22 5
28 7
25 5
26 10
28 10
26 6
25 6
25 8
24 10
23 9
25 5
26 5
20 9
25 10
28 6
26 8
28 12
30 18
26 8
22 6
26 9
25 10
26 6
27 5
27 9
22 12
27 7
26 6
22 6
29 16
27 11
23 4
23 11
25 5
25 8
28 6
27 4
22 6
24 5
27 4
28 6
27 10
25 7
30 9
26 8
24 8
28 7
30 10
24 8
23 6
26 11
28 13
27 9
26 5
20 3
28 8
25 6
24 8
26 6
26 8
23 8
27 4
24 7
22 4
28 15
28 3
27 9
24 9
23 4
24 6
25 9
27 9
26 12
26 7
25 6
28 17
24 6
26 5
27 7
26 7
26 5
26 7
25 4
26 7
26 7
25 8
23 6
24 6
26 5
27 18
25 4
26 6
22 6
24 8
27 14
25 5
22 10
22 3
26 5
26 19
25 5
25 7
20 6
25 6
27 18
25 14
27 18
25 5
24 7
26 10
24 6
23 7
28 17
20 4
27 7
21 7
28 15
21 6
25 4
24 6
24 14
24 9
29 10
24 8
22 4
26 4
27 10
22 3
25 8
26 8
24 8
27 13
26 9
26 7
28 5
25 6
28 8
28 6
24 9
25 7
27 7
24 4
27 7
27 11
27 11
25 4
26 16
26 11
24 5
25 15
21 6
23 9
24 5
27 7
25 7
27 6
23 7
28 19
26 7
27 3
24 7
21 8
26 8
25 15
22 4
22 6
24 5
27 7
23 8
26 9
24 6
25 13
26 9
28 9
25 6
25 6
24 7
26 8
26 9
28 5
26 8
22 4
22 4
28 5
28 15
28 7
28 5
23 8
26 6
26 7
23 5
25 4
24 5
26 11
26 12
23 5
27 4
25 12
27 10
27 14
28 7
26 3
26 10
24 10
24 5
28 9
25 8
28 8
20 4
25 7
25 7
25 4
25 15
26 15
22 5
26 9
27 6
25 10
29 28
29 11
26 3
26 9
28 12
26 13
28 7
24 5
24 8
25 10
30 10
26 8
24 8
26 8
28 6
26 8
26 4
22 5
26 5
23 7
25 16
25 8
26 9
27 10
26 5
25 12
27 10
26 22
25 5
22 8
27 11
27 12
25 9
24 5
26 5
28 7
22 6
25 4
21 7
28 7
23 4
28 10
26 11
25 9
25 8
24 6
26 5
24 7
23 19
18 6
24 4
24 10
27 11
24 10
30 11
27 10
25 4
22 6
25 7
27 7
23 5
26 9
25 7
24 16
24 7
25 4
24 10
27 15
27 14
26 10
26 8
22 7
24 8
28 16
25 5
25 11
24 5
25 7
28 18
26 7
25 10
24 5
25 10
27 6
24 7
25 6
25 10
24 8
27 8
23 8
27 6
27 6
25 7
24 10
24 7
25 9
26 5
26 7
26 9
25 7
23 5
26 7
24 6
26 8
26 5
24 4
24 12
26 8
26 7
27 6
26 8
28 7
25 6
25 7
24 6
28 5
23 5
28 5
26 3
25 7
26 10
21 7
26 8
22 8
24 7
25 6
29 16
24 10
24 5
24 6
24 10
21 6
28 5
22 4
25 7
22 5
25 7
22 9
24 4
26 11
27 4
23 9
24 8
26 9
26 4
26 6
27 10
26 10
23 8
27 6
24 6
26 7
25 8
26 5
25 5
27 11
28 8
28 18
28 12
23 8
25 6
27 4
20 5
25 5
25 7
26 6
23 7
28 5
26 6
28 7
25 8
28 8
24 5
25 6
28 16
21 5
28 6
27 7
28 9
26 7
25 8
27 8
30 12
25 8
28 10
26 5
24 11
27 9
24 6
27 5
24 4
23 6
27 7
22 4
26 8
24 9
27 15
28 40
26 14
28 8
27 12
27 9
23 5
24 8
26 5
27 6
28 15
22 7
27 7
24 12
26 9
27 7
26 6
25 8
26 14
26 5
28 6
23 7
25 7
27 12
20 8
24 6
24 7
25 9
23 6
24 7
25 8
26 8
23 7
27 10
29 7
26 11
27 7
28 5
26 4
18 6
25 5
24 5
28 24
28 12
27 8
28 21
28 8
24 11
25 7
23 5
28 12
25 10
27 8
27 5
26 14
25 5
26 5
21 6
23 5
24 10
29 12
24 10
25 5
24 4
26 9
28 5
24 6
25 8
28 12
23 4
26 7
24 11
25 10
28 6
25 10
23 5
26 6
21 6
25 3
28 10
28 13
26 7
28 6
26 8
25 8
19 5
23 8
26 3
27 17
22 9
23 6
25 7
26 10
26 6
28 13
26 9
27 6
30 13
26 3
20 7
22 9
27 4
22 6
26 6
27 10
24 7
22 7
28 6
25 6
28 32
28 6
28 12
21 9
23 5
26 6
27 3
20 6
25 6
28 8
29 10
22 6
25 13
25 5
26 9
28 8
26 7
27 7
28 21
23 6
24 7
26 9
27 7
24 6
28 12
26 7
24 5
25 9
26 8
25 7
25 12
27 5
28 13
26 9
24 8
24 6
24 10
24 7
26 13
26 11
27 13
23 5
23 5
26 9
28 7
26 6
24 10
27 9
25 14
23 9
23 8
22 6
26 11
25 6
26 11
29 23
24 11
28 7
28 15
25 11
26 6
25 15
26 19
27 12
25 3
21 6
28 23
23 5
27 16
27 8
26 12
24 6
28 15
27 12
23 5
24 6
26 6
24 5
24 7
24 6
26 6
24 6
25 7
24 6
26 9
26 7
25 10
23 5
24 6
22 8
28 10
25 6
25 7
28 10
28 7
26 12
26 5
28 7
24 3
26 9
24 5
27 9
24 8
26 6
26 10
26 6
25 7
24 7
24 9
24 12
27 18
24 7
29 10
28 18
21 5
25 4
22 6
22 9
28 17
24 3
25 5
26 24
27 17
28 23
22 6
27 11
25 13
28 14
24 8
27 6
24 5
24 8
26 11
29 23
23 6
27 13
25 6
24 6
24 8
22 5
26 6
24 11
25 9
28 21
23 10
23 4
24 5
26 6
29 12
21 7
25 4
26 10
28 8
25 7
26 5
24 6
27 6
21 7
24 10
26 12
27 12
25 9
26 8
26 9
28 11
26 7
26 9
25 10
25 5
26 10
26 7
26 7
26 9
24 7
28 14
26 7
22 6
27 19
29 26
27 12
22 7
25 8
23 5
28 4
24 5
27 6
27 8
25 6
23 6
29 13
26 13
26 10
27 17
25 6
29 15
28 6
23 7
29 49
26 10
24 3
24 7
28 14
24 6
26 14
24 7
29 9
25 5
30 33
22 9
25 5
27 5
28 11
26 4
25 8
25 6
24 9
23 10
28 22
28 9
20 4
25 8
24 6
26 15
28 9
28 22
26 5
24 5
26 10
24 8
23 8
29 13
26 6
25 6
24 7
26 3
23 6
24 7
25 12
27 6
26 2
21 6
29 6
29 8
26 18
25 9
26 6
26 5
26 9
23 7
27 5
21 7
24 8
27 11
26 7
26 9
24 7
27 15
24 6
27 10
24 6
24 6
23 5
27 7
26 8
22 3
29 39
23 6
26 4
25 8
23 6
26 9
24 4
25 8
23 8
26 6
27 4
25 4
30 29
24 4
27 10
28 3
28 10
28 18
28 14
27 6
26 9
27 7
24 6
25 8
25 8
27 25
26 5
23 6
23 4
25 5
25 6
27 11
25 6
28 5
25 11
25 5
23 7
23 5
27 8
25 7
24 7
28 11
24 10
25 27
24 7
23 9
25 9
19 6
25 7
26 8
23 5
24 5
27 10
28 17
21 7
25 5
23 7
26 8
27 8
25 8
25 9
26 6
19 4
24 5
23 8
23 7
25 5
27 7
27 6
28 12
26 6
27 7
24 11
25 5
24 6
26 8
24 4
27 6
23 6
25 13
29 19
27 14
27 11
26 12
24 7
26 9
26 7
30 19
24 10
24 7
23 4
25 9
28 5
26 5
26 6
26 6
24 3
24 15
28 10
27 9
28 22
19 6
24 12
26 4
22 9
26 6
24 5
27 6
26 9
29 17
28 23
24 6
26 6
25 11
26 7
30 10
23 7
23 6
28 10
28 9
28 6
26 6
23 6
21 5
22 6
26 7
28 8
24 7
25 6
26 8
24 6
26 6
26 7
21 4
26 5
27 6
25 5
25 5
27 5
24 6
23 5
28 7
25 12
24 12
25 9
27 5
28 9
29 15
26 7
27 4
23 4
28 6
29 40
27 7
27 10
23 8
23 7
26 9
22 5
28 16
21 5
28 5
24 6
29 20
26 6
27 22
26 10
24 6
26 4
28 12
28 7
24 7
25 6
26 9
25 7
25 20
27 8
23 7
22 6
24 5
26 9
27 5
28 14
26 8
27 12
26 5
27 6
26 7
26 13
24 8
25 9
25 10
30 20
25 5
24 5
26 10
25 4
26 4
28 13
26 6
29 7
24 6
24 6
28 6
29 7
24 6
23 7
24 6
27 7
24 6
27 9
22 7
24 11
30 6
24 8
27 9
27 8
28 5
25 12
22 6
25 11
25 5
25 7
27 8
26 11
22 7
25 6
25 7
26 6
22 4
25 6
25 8
24 10
25 7
23 9
27 6
24 7
26 7
24 14
21 8
25 6
27 7
26 6
22 6
24 6
25 6
28 14
24 9
25 8
26 10
25 11
23 6
23 6
25 10
29 12
26 5
27 10
28 6
28 9
28 7
24 6
27 15
24 5
26 9
26 8
26 8
28 6
25 5
27 9
19 7
26 13
30 10
24 7
26 6
26 4
23 7
24 3
22 6
25 10
27 4
28 9
26 10
26 11
22 5
24 5
25 5
23 6
27 7
27 10
23 4
24 6
27 17
28 11
26 10
23 5
29 17
27 8
23 6
25 5
27 5
26 5
26 10
26 3
19 5
25 7
28 6
25 11
28 10
28 10
27 12
22 9
25 5
20 4
22 8
23 12
27 10
24 6
25 8
27 25
24 10
23 6
27 6
22 5
26 7
24 9
25 11
26 7
24 5
26 5
20 5
27 6
27 11
24 5
26 5
26 13
26 7
24 7
25 7
21 6
26 11
27 11
26 10
25 8
22 3
26 6
29 15
27 16
27 17
26 8
23 8
26 7
28 9
25 9
26 5
26 4
23 5
28 20
26 4
29 25
24 6
26 7
26 16
22 5
25 5
27 7
26 5
28 12
24 7
28 8
23 7
29 18
24 3
27 7
25 5
25 5
22 4
26 5
26 6
28 6
25 5
26 8
28 8
27 7
24 6
28 7
25 5
24 5
28 11
27 6
24 5
25 5
24 7
21 6
26 17
24 7
25 9
28 4
24 8
25 6
29 11
25 4
24 6
25 8
26 8
26 5
28 9
26 5
25 4
25 5
27 8
26 6
23 6
27 6
28 15
27 6
24 6
24 6
28 10
29 8
28 5
23 7
21 7
27 5
27 8
23 5
25 5
23 7
29 21
24 7
27 9
25 12
25 5
26 9
24 6
26 7
27 10
26 5
28 4
21 5
24 12
27 26
20 7
25 4
27 5
28 7
23 4
24 7
25 14
25 6
25 4
26 4
27 11
28 9
24 7
20 7
26 15
25 8
23 6
26 7
27 7
25 7
27 5
27 11
23 7
24 6
23 5
26 8
25 3
26 8
22 5
23 7
27 6
24 7
25 4
26 7
28 7
28 10
27 5
20 8
26 7
24 7
23 5
25 8
26 6
24 13
25 10
28 12
24 7
26 6
25 14
23 6
22 7
24 6
29 13
26 7
25 8
23 5
25 9
23 7
24 5
26 12
28 4
25 7
27 7
27 8
25 7
20 5
25 15
26 21
28 5
25 8
26 7
25 8
26 21
23 10
26 4
22 8
21 5
26 6
28 8
26 8
26 14
27 20
23 9
28 11
27 8
29 20
26 6
27 8
24 4
23 9
30 24
24 6
26 13
27 8
23 7
26 8
22 5
27 6
25 5
28 5
25 6
27 10
27 13
27 12
23 7
24 7
25 13
24 8
27 10
25 17
27 7
24 11
26 6
24 8
24 10
25 11
27 13
26 8
24 5
21 8
27 21
27 5
26 10
25 5
26 12
